2021-05-11 11:55:22 [background-preinit] INFO  o.h.validator.internal.util.Version - HV000001: Hibernate Validator 6.1.5.Final
2021-05-11 11:55:24 [main] INFO  c.m.demo.config.server.ConfigServer - No active profile set, falling back to default profiles: default
2021-05-11 11:55:32 [main] INFO  o.s.cloud.context.scope.GenericScope - BeanFactory id=3ec92dc5-ec3a-3029-a967-d8e88d3f6c4f
2021-05-11 11:55:33 [main] INFO  o.s.b.w.e.tomcat.TomcatWebServer - Tomcat initialized with port(s): 8888 (http)
2021-05-11 11:55:33 [main] INFO  o.a.coyote.http11.Http11NioProtocol - Initializing ProtocolHandler ["http-nio-8888"]
2021-05-11 11:55:33 [main] INFO  o.a.catalina.core.StandardService - Starting service [Tomcat]
2021-05-11 11:55:33 [main] INFO  o.a.catalina.core.StandardEngine - Starting Servlet engine: [Apache Tomcat/9.0.38]
2021-05-11 11:55:33 [main] INFO  o.a.c.c.C.[Tomcat].[localhost].[/] - Initializing Spring embedded WebApplicationContext
2021-05-11 11:55:33 [main] INFO  o.s.b.w.s.c.ServletWebServerApplicationContext - Root WebApplicationContext: initialization completed in 9568 ms
2021-05-11 11:55:34 [main] INFO  o.s.s.c.ThreadPoolTaskExecutor - Initializing ExecutorService 'applicationTaskExecutor'
2021-05-11 11:55:36 [main] DEBUG o.s.c.c.s.s.GitCredentialsProviderFactory - Constructing UsernamePasswordCredentialsProvider for URI https://github.com/Dilipkumarmj/spring-cloud-config-server-repository
2021-05-11 11:55:43 [main] INFO  o.s.b.a.e.web.EndpointLinksResolver - Exposing 2 endpoint(s) beneath base path '/actuator'
2021-05-11 11:55:43 [main] INFO  o.a.coyote.http11.Http11NioProtocol - Starting ProtocolHandler ["http-nio-8888"]
2021-05-11 11:55:43 [main] INFO  o.s.b.w.e.tomcat.TomcatWebServer - Tomcat started on port(s): 8888 (http) with context path ''
2021-05-11 11:55:43 [main] INFO  c.m.demo.config.server.ConfigServer - Started ConfigServer in 23.484 seconds (JVM running for 26.236)
2021-05-11 12:20:19 [background-preinit] INFO  o.h.validator.internal.util.Version - HV000001: Hibernate Validator 6.1.5.Final
2021-05-11 12:20:20 [main] INFO  c.m.demo.config.server.ConfigServer - No active profile set, falling back to default profiles: default
2021-05-11 12:20:22 [main] INFO  o.s.cloud.context.scope.GenericScope - BeanFactory id=3ec92dc5-ec3a-3029-a967-d8e88d3f6c4f
2021-05-11 12:20:23 [main] INFO  o.s.b.w.e.tomcat.TomcatWebServer - Tomcat initialized with port(s): 8888 (http)
2021-05-11 12:20:23 [main] INFO  o.a.coyote.http11.Http11NioProtocol - Initializing ProtocolHandler ["http-nio-8888"]
2021-05-11 12:20:23 [main] INFO  o.a.catalina.core.StandardService - Starting service [Tomcat]
2021-05-11 12:20:23 [main] INFO  o.a.catalina.core.StandardEngine - Starting Servlet engine: [Apache Tomcat/9.0.38]
2021-05-11 12:20:23 [main] INFO  o.a.c.c.C.[Tomcat].[localhost].[/] - Initializing Spring embedded WebApplicationContext
2021-05-11 12:20:23 [main] INFO  o.s.b.w.s.c.ServletWebServerApplicationContext - Root WebApplicationContext: initialization completed in 2917 ms
2021-05-11 12:20:24 [main] INFO  o.s.s.c.ThreadPoolTaskExecutor - Initializing ExecutorService 'applicationTaskExecutor'
2021-05-11 12:20:25 [main] DEBUG o.s.c.c.s.s.GitCredentialsProviderFactory - Constructing UsernamePasswordCredentialsProvider for URI https://github.com/Dilipkumarmj/spring-cloud-config-server-repository
2021-05-11 12:20:31 [main] INFO  o.s.b.a.e.web.EndpointLinksResolver - Exposing 2 endpoint(s) beneath base path '/actuator'
2021-05-11 12:20:31 [main] INFO  o.a.coyote.http11.Http11NioProtocol - Starting ProtocolHandler ["http-nio-8888"]
2021-05-11 12:20:31 [main] INFO  o.s.b.w.e.tomcat.TomcatWebServer - Tomcat started on port(s): 8888 (http) with context path ''
2021-05-11 12:20:31 [main] INFO  c.m.demo.config.server.ConfigServer - Started ConfigServer in 13.758 seconds (JVM running for 14.842)
2021-05-11 12:20:54 [http-nio-8888-exec-1] INFO  o.a.c.c.C.[Tomcat].[localhost].[/] - Initializing Spring DispatcherServlet 'dispatcherServlet'
2021-05-11 12:20:54 [http-nio-8888-exec-1] INFO  o.s.web.servlet.DispatcherServlet - Initializing Servlet 'dispatcherServlet'
2021-05-11 12:20:54 [http-nio-8888-exec-1] INFO  o.s.web.servlet.DispatcherServlet - Completed initialization in 16 ms
2021-05-11 12:20:54 [http-nio-8888-exec-1] DEBUG o.s.c.c.s.s.GitCredentialsProviderFactory - Constructing UsernamePasswordCredentialsProvider for URI https://github.com/Dilipkumarmj/spring-cloud-config-server-repository
2021-05-11 12:23:04 [background-preinit] INFO  o.h.validator.internal.util.Version - HV000001: Hibernate Validator 6.1.5.Final
2021-05-11 12:23:05 [main] INFO  c.m.demo.config.server.ConfigServer - No active profile set, falling back to default profiles: default
2021-05-11 12:23:06 [main] INFO  o.s.cloud.context.scope.GenericScope - BeanFactory id=3ec92dc5-ec3a-3029-a967-d8e88d3f6c4f
2021-05-11 12:23:06 [main] INFO  o.s.b.w.e.tomcat.TomcatWebServer - Tomcat initialized with port(s): 8888 (http)
2021-05-11 12:23:07 [main] INFO  o.a.coyote.http11.Http11NioProtocol - Initializing ProtocolHandler ["http-nio-8888"]
2021-05-11 12:23:07 [main] INFO  o.a.catalina.core.StandardService - Starting service [Tomcat]
2021-05-11 12:23:07 [main] INFO  o.a.catalina.core.StandardEngine - Starting Servlet engine: [Apache Tomcat/9.0.38]
2021-05-11 12:23:07 [main] INFO  o.a.c.c.C.[Tomcat].[localhost].[/] - Initializing Spring embedded WebApplicationContext
2021-05-11 12:23:07 [main] INFO  o.s.b.w.s.c.ServletWebServerApplicationContext - Root WebApplicationContext: initialization completed in 1650 ms
2021-05-11 12:23:07 [main] INFO  o.s.s.c.ThreadPoolTaskExecutor - Initializing ExecutorService 'applicationTaskExecutor'
2021-05-11 12:23:08 [main] DEBUG o.s.c.c.s.s.GitCredentialsProviderFactory - Constructing UsernamePasswordCredentialsProvider for URI https://github.com/Dilipkumarmj/spring-cloud-config-server-repository
2021-05-11 12:23:12 [main] INFO  o.s.b.a.e.web.EndpointLinksResolver - Exposing 2 endpoint(s) beneath base path '/actuator'
2021-05-11 12:23:12 [main] INFO  o.a.coyote.http11.Http11NioProtocol - Starting ProtocolHandler ["http-nio-8888"]
2021-05-11 12:23:12 [main] INFO  o.s.b.w.e.tomcat.TomcatWebServer - Tomcat started on port(s): 8888 (http) with context path ''
2021-05-11 12:23:12 [main] INFO  c.m.demo.config.server.ConfigServer - Started ConfigServer in 8.765 seconds (JVM running for 9.557)
2021-05-11 12:24:05 [http-nio-8888-exec-1] INFO  o.a.c.c.C.[Tomcat].[localhost].[/] - Initializing Spring DispatcherServlet 'dispatcherServlet'
2021-05-11 12:24:05 [http-nio-8888-exec-1] INFO  o.s.web.servlet.DispatcherServlet - Initializing Servlet 'dispatcherServlet'
2021-05-11 12:24:05 [http-nio-8888-exec-1] INFO  o.s.web.servlet.DispatcherServlet - Completed initialization in 6 ms
2021-05-11 12:24:05 [http-nio-8888-exec-1] DEBUG o.s.c.c.s.s.GitCredentialsProviderFactory - Constructing UsernamePasswordCredentialsProvider for URI https://github.com/Dilipkumarmj/spring-cloud-config-server-repository
2021-05-11 12:24:08 [http-nio-8888-exec-1] INFO  o.s.boot.SpringApplication - Starting application on DESKTOP-JOG3D0A with PID 20724 (started by Dilip in C:\Users\Dilip\SpringProjects\microservices-demo)
2021-05-11 12:24:08 [http-nio-8888-exec-1] INFO  o.s.boot.SpringApplication - The following profiles are active: twitter_to_kafka
2021-05-11 12:24:08 [http-nio-8888-exec-1] INFO  o.s.boot.SpringApplication - Started application in 0.41 seconds (JVM running for 65.138)
2021-05-11 12:24:08 [http-nio-8888-exec-1] INFO  o.s.c.c.s.e.NativeEnvironmentRepository - Adding property source: file:/C:/Users/Dilip/AppData/Local/Temp/config-repo-8931170041869524691/config-client-twitter_to_kafka.yml
2021-05-11 12:24:08 [http-nio-8888-exec-1] INFO  o.s.c.c.s.e.NativeEnvironmentRepository - Adding property source: file:/C:/Users/Dilip/AppData/Local/Temp/config-repo-8931170041869524691/config-client.yml
2021-05-11 12:24:41 [http-nio-8888-exec-5] DEBUG o.s.c.c.s.s.GitCredentialsProviderFactory - Constructing UsernamePasswordCredentialsProvider for URI https://github.com/Dilipkumarmj/spring-cloud-config-server-repository
2021-05-11 12:24:42 [http-nio-8888-exec-5] INFO  o.s.boot.SpringApplication - Starting application on DESKTOP-JOG3D0A with PID 20724 (started by Dilip in C:\Users\Dilip\SpringProjects\microservices-demo)
2021-05-11 12:24:42 [http-nio-8888-exec-5] INFO  o.s.boot.SpringApplication - The following profiles are active: twitter_to_kafka
2021-05-11 12:24:42 [http-nio-8888-exec-5] INFO  o.s.boot.SpringApplication - Started application in 0.211 seconds (JVM running for 99.328)
2021-05-11 12:24:42 [http-nio-8888-exec-5] INFO  o.s.c.c.s.e.NativeEnvironmentRepository - Adding property source: file:/C:/Users/Dilip/AppData/Local/Temp/config-repo-8931170041869524691/config-client-twitter_to_kafka.yml
2021-05-11 12:24:42 [http-nio-8888-exec-5] INFO  o.s.c.c.s.e.NativeEnvironmentRepository - Adding property source: file:/C:/Users/Dilip/AppData/Local/Temp/config-repo-8931170041869524691/config-client.yml
