2021-05-11 12:02:26 [main] INFO  c.m.d.t.t.k.s.TwitterToKafkaServiceApplication - Starting TwitterToKafkaServiceApplication on DESKTOP-JOG3D0A with PID 20424 (C:\Users\Dilip\SpringProjects\microservices-demo\twitter-to-kafka-service\target\classes started by Dilip in C:\Users\Dilip\SpringProjects\microservices-demo)
2021-05-11 12:02:26 [main] INFO  c.m.d.t.t.k.s.TwitterToKafkaServiceApplication - No active profile set, falling back to default profiles: default
2021-05-11 12:02:32 [main] INFO  o.a.k.c.admin.AdminClientConfig - AdminClientConfig values: 
	bootstrap.servers = [localhost:19092, localhost:29092, localhost:39092]
	client.dns.lookup = default
	client.id = 
	connections.max.idle.ms = 300000
	default.api.timeout.ms = 60000
	metadata.max.age.ms = 300000
	metric.reporters = []
	metrics.num.samples = 2
	metrics.recording.level = INFO
	metrics.sample.window.ms = 30000
	receive.buffer.bytes = 65536
	reconnect.backoff.max.ms = 1000
	reconnect.backoff.ms = 50
	request.timeout.ms = 30000
	retries = 2147483647
	retry.backoff.ms = 100
	sasl.client.callback.handler.class = null
	sasl.jaas.config = null
	sasl.kerberos.kinit.cmd = /usr/bin/kinit
	sasl.kerberos.min.time.before.relogin = 60000
	sasl.kerberos.service.name = null
	sasl.kerberos.ticket.renew.jitter = 0.05
	sasl.kerberos.ticket.renew.window.factor = 0.8
	sasl.login.callback.handler.class = null
	sasl.login.class = null
	sasl.login.refresh.buffer.seconds = 300
	sasl.login.refresh.min.period.seconds = 60
	sasl.login.refresh.window.factor = 0.8
	sasl.login.refresh.window.jitter = 0.05
	sasl.mechanism = GSSAPI
	security.protocol = PLAINTEXT
	security.providers = null
	send.buffer.bytes = 131072
	ssl.cipher.suites = null
	ssl.enabled.protocols = [TLSv1.2]
	ssl.endpoint.identification.algorithm = https
	ssl.key.password = null
	ssl.keymanager.algorithm = SunX509
	ssl.keystore.location = null
	ssl.keystore.password = null
	ssl.keystore.type = JKS
	ssl.protocol = TLSv1.2
	ssl.provider = null
	ssl.secure.random.implementation = null
	ssl.trustmanager.algorithm = PKIX
	ssl.truststore.location = null
	ssl.truststore.password = null
	ssl.truststore.type = JKS

2021-05-11 12:02:34 [main] INFO  o.a.kafka.common.utils.AppInfoParser - Kafka version: 2.5.1
2021-05-11 12:02:34 [main] INFO  o.a.kafka.common.utils.AppInfoParser - Kafka commitId: 0efa8fb0f4c73d92
2021-05-11 12:02:34 [main] INFO  o.a.kafka.common.utils.AppInfoParser - Kafka startTimeMs: 1620714754184
2021-05-11 12:02:36 [main] INFO  o.s.b.w.e.netty.NettyWebServer - Netty started on port(s): 8080
2021-05-11 12:02:36 [main] INFO  c.m.d.t.t.k.s.TwitterToKafkaServiceApplication - Started TwitterToKafkaServiceApplication in 10.679 seconds (JVM running for 12.698)
2021-05-11 12:02:36 [main] INFO  c.m.d.t.t.k.s.TwitterToKafkaServiceApplication - App starts...
2021-05-11 12:02:36 [main] INFO  c.m.d.k.a.client.KafkaAdminClient - Creating 1 topics(s), attempt 0
2021-05-11 12:02:36 [main] INFO  c.m.d.k.a.client.KafkaAdminClient - Create topic result [KafkaFuture{value=null,exception=null,done=false}]
2021-05-11 12:02:36 [main] INFO  c.m.d.k.a.client.KafkaAdminClient - Reading kafka topic [twitter-topic], attempt 0
2021-05-11 12:02:39 [main] INFO  c.m.d.t.t.k.s.i.i.KafkaStreamInitializer - Topics with name twitter-topic is ready for operations!
2021-05-11 12:02:39 [main] INFO  c.m.d.t.t.k.s.r.i.TwitterKafkaStreamRunner - Started filtering twitter stream for keywords [Java, Microservices, Kafka, Elasticsearch]
2021-05-11 12:02:39 [Twitter Stream consumer /  [1][initializing]] INFO  twitter4j.TwitterStreamImpl - Establishing connection.
2021-05-11 12:02:44 [Twitter Stream consumer /  [1][Establishing connection]] INFO  twitter4j.TwitterStreamImpl - Connection established.
2021-05-11 12:02:44 [Twitter Stream consumer /  [1][Establishing connection]] INFO  twitter4j.TwitterStreamImpl - Receiving status stream.
2021-05-11 12:02:44 [Twitter4J Async Dispatcher[0]] INFO  c.m.d.t.t.k.s.l.TwitterKafkaStatusListener - Received status text RT @nelsonhands20: Why do Java developers often wear glasses? 

They can’t C# sending to kafka topic twitter-topic
2021-05-11 12:02:44 [Twitter4J Async Dispatcher[0]] INFO  c.m.d.k.p.c.s.i.TwitterKafkaProducer - Sending message='{"userId": 1024435349173489665, "id": 1392004706273308674, "text": "RT @nelsonhands20: Why do Java developers often wear glasses? \n\nThey can\u2019t C#", "createdAt": 1620714758000}' to topic='twitter-topic'
2021-05-11 12:02:44 [Twitter4J Async Dispatcher[0]] INFO  o.a.k.c.producer.ProducerConfig - ProducerConfig values: 
	acks = -1
	batch.size = 1638400
	bootstrap.servers = [localhost:19092, localhost:29092, localhost:39092]
	buffer.memory = 33554432
	client.dns.lookup = default
	client.id = producer-1
	compression.type = snappy
	connections.max.idle.ms = 540000
	delivery.timeout.ms = 120000
	enable.idempotence = false
	interceptor.classes = []
	key.serializer = class org.apache.kafka.common.serialization.LongSerializer
	linger.ms = 5
	max.block.ms = 60000
	max.in.flight.requests.per.connection = 5
	max.request.size = 1048576
	metadata.max.age.ms = 300000
	metadata.max.idle.ms = 300000
	metric.reporters = []
	metrics.num.samples = 2
	metrics.recording.level = INFO
	metrics.sample.window.ms = 30000
	partitioner.class = class org.apache.kafka.clients.producer.internals.DefaultPartitioner
	receive.buffer.bytes = 32768
	reconnect.backoff.max.ms = 1000
	reconnect.backoff.ms = 50
	request.timeout.ms = 60000
	retries = 5
	retry.backoff.ms = 100
	sasl.client.callback.handler.class = null
	sasl.jaas.config = null
	sasl.kerberos.kinit.cmd = /usr/bin/kinit
	sasl.kerberos.min.time.before.relogin = 60000
	sasl.kerberos.service.name = null
	sasl.kerberos.ticket.renew.jitter = 0.05
	sasl.kerberos.ticket.renew.window.factor = 0.8
	sasl.login.callback.handler.class = null
	sasl.login.class = null
	sasl.login.refresh.buffer.seconds = 300
	sasl.login.refresh.min.period.seconds = 60
	sasl.login.refresh.window.factor = 0.8
	sasl.login.refresh.window.jitter = 0.05
	sasl.mechanism = GSSAPI
	security.protocol = PLAINTEXT
	security.providers = null
	send.buffer.bytes = 131072
	ssl.cipher.suites = null
	ssl.enabled.protocols = [TLSv1.2]
	ssl.endpoint.identification.algorithm = https
	ssl.key.password = null
	ssl.keymanager.algorithm = SunX509
	ssl.keystore.location = null
	ssl.keystore.password = null
	ssl.keystore.type = JKS
	ssl.protocol = TLSv1.2
	ssl.provider = null
	ssl.secure.random.implementation = null
	ssl.trustmanager.algorithm = PKIX
	ssl.truststore.location = null
	ssl.truststore.password = null
	ssl.truststore.type = JKS
	transaction.timeout.ms = 60000
	transactional.id = null
	value.serializer = class io.confluent.kafka.serializers.KafkaAvroSerializer

2021-05-11 12:02:44 [Twitter4J Async Dispatcher[0]] INFO  i.c.k.s.KafkaAvroSerializerConfig - KafkaAvroSerializerConfig values: 
	bearer.auth.token = [hidden]
	proxy.port = -1
	schema.reflection = false
	auto.register.schemas = true
	max.schemas.per.subject = 1000
	basic.auth.credentials.source = URL
	value.subject.name.strategy = class io.confluent.kafka.serializers.subject.TopicNameStrategy
	schema.registry.url = [http://localhost:8081]
	basic.auth.user.info = [hidden]
	proxy.host = 
	use.latest.version = false
	schema.registry.basic.auth.user.info = [hidden]
	bearer.auth.credentials.source = STATIC_TOKEN
	key.subject.name.strategy = class io.confluent.kafka.serializers.subject.TopicNameStrategy

2021-05-11 12:02:44 [Twitter4J Async Dispatcher[0]] WARN  o.a.k.c.producer.ProducerConfig - The configuration 'internal.auto.downgrade.txn.commit' was supplied but isn't a known config.
2021-05-11 12:02:44 [Twitter4J Async Dispatcher[0]] INFO  o.a.kafka.common.utils.AppInfoParser - Kafka version: 2.5.1
2021-05-11 12:02:44 [Twitter4J Async Dispatcher[0]] INFO  o.a.kafka.common.utils.AppInfoParser - Kafka commitId: 0efa8fb0f4c73d92
2021-05-11 12:02:44 [Twitter4J Async Dispatcher[0]] INFO  o.a.kafka.common.utils.AppInfoParser - Kafka startTimeMs: 1620714764823
2021-05-11 12:02:45 [kafka-producer-network-thread | producer-1] INFO  org.apache.kafka.clients.Metadata - [Producer clientId=producer-1] Cluster ID: 0VdDceaUToapdTuM-z2HCg
2021-05-11 12:03:07 [Twitter4J Async Dispatcher[0]] INFO  c.m.d.t.t.k.s.l.TwitterKafkaStatusListener - Received status text ランキング:5位 「オフィスサプライ・OA機器」 (15:33)

Canon 純正インクカートリッジ（大容量）ブラック BC-345XL

価格:2,493円🔥

https://t.co/KYJZV5hTsR sending to kafka topic twitter-topic
2021-05-11 12:03:07 [Twitter4J Async Dispatcher[0]] INFO  c.m.d.k.p.c.s.i.TwitterKafkaProducer - Sending message='{"userId": 1371493492640256011, "id": 1392004806370230274, "text": "ランキング:5位 「オフィスサプライ・OA機器」 (15:33)\n\nCanon 純正インクカートリッジ（大容量）ブラック BC-345XL\n\n価格:2,493円🔥\n\nhttps://t.co/KYJZV5hTsR", "createdAt": 1620714782000}' to topic='twitter-topic'
2021-05-11 12:03:07 [Twitter4J Async Dispatcher[0]] INFO  c.m.d.t.t.k.s.l.TwitterKafkaStatusListener - Received status text ❗ランキング：14位❗ (電源パーツ)

「■RM750x -2018- CP-9020179-JP」
メーカ:Corsair

価格:¥19,444(15:33)

https://t.co/eDSU2i0E5J sending to kafka topic twitter-topic
2021-05-11 12:03:07 [Twitter4J Async Dispatcher[0]] INFO  c.m.d.k.p.c.s.i.TwitterKafkaProducer - Sending message='{"userId": 1375961552122044417, "id": 1392004806613508097, "text": "❗ランキング：14位❗ (電源パーツ)\n\n「■RM750x -2018- CP-9020179-JP」\nメーカ:Corsair\n\n価格:¥19,444(15:33)\n\nhttps://t.co/eDSU2i0E5J", "createdAt": 1620714782000}' to topic='twitter-topic'
2021-05-11 12:03:08 [Twitter4J Async Dispatcher[0]] INFO  c.m.d.t.t.k.s.l.TwitterKafkaStatusListener - Received status text Software Architekt (w/m/d) Java https://t.co/AANwGOWcL2 #ITjobs sending to kafka topic twitter-topic
2021-05-11 12:03:08 [Twitter4J Async Dispatcher[0]] INFO  c.m.d.k.p.c.s.i.TwitterKafkaProducer - Sending message='{"userId": 2798503111, "id": 1392004809587363840, "text": "Software Architekt (w/m/d) Java https://t.co/AANwGOWcL2 #ITjobs", "createdAt": 1620714783000}' to topic='twitter-topic'
2021-05-11 12:03:10 [Twitter4J Async Dispatcher[0]] INFO  c.m.d.t.t.k.s.l.TwitterKafkaStatusListener - Received status text manusia silver before it was cool. java jive. https://t.co/XzeHWDhBY4 sending to kafka topic twitter-topic
2021-05-11 12:03:10 [Twitter4J Async Dispatcher[0]] INFO  c.m.d.k.p.c.s.i.TwitterKafkaProducer - Sending message='{"userId": 73484895, "id": 1392004815102771204, "text": "manusia silver before it was cool. java jive. https://t.co/XzeHWDhBY4", "createdAt": 1620714784000}' to topic='twitter-topic'
2021-05-11 12:03:10 [Twitter4J Async Dispatcher[0]] INFO  c.m.d.t.t.k.s.l.TwitterKafkaStatusListener - Received status text Saya menjual ODADING MANG SOLEH BY JAVA ... seharga Rp. Dapatkan di Shopee sekarang! https://t.co/TpRTW6McCc #ShopeeID https://t.co/bf4exhXglP sending to kafka topic twitter-topic
2021-05-11 12:03:10 [Twitter4J Async Dispatcher[0]] INFO  c.m.d.k.p.c.s.i.TwitterKafkaProducer - Sending message='{"userId": 209511756, "id": 1392004817841623040, "text": "Saya menjual ODADING MANG SOLEH BY JAVA ... seharga Rp. Dapatkan di Shopee sekarang! https://t.co/TpRTW6McCc #ShopeeID https://t.co/bf4exhXglP", "createdAt": 1620714785000}' to topic='twitter-topic'
2021-05-11 12:03:12 [Twitter4J Async Dispatcher[0]] INFO  c.m.d.t.t.k.s.l.TwitterKafkaStatusListener - Received status text «Escribir es invocar a los espíritus». Franz Kafka. sending to kafka topic twitter-topic
2021-05-11 12:03:12 [Twitter4J Async Dispatcher[0]] INFO  c.m.d.k.p.c.s.i.TwitterKafkaProducer - Sending message='{"userId": 1206000120, "id": 1392004825525723138, "text": "«Escribir es invocar a los espíritus». Franz Kafka.", "createdAt": 1620714787000}' to topic='twitter-topic'
2021-05-11 12:03:17 [Twitter4J Async Dispatcher[0]] INFO  c.m.d.t.t.k.s.l.TwitterKafkaStatusListener - Received status text フォロワー、マイクラJava版をやってる人がもしかして多かったりする？
わい、統合版しかやったことないけど。 sending to kafka topic twitter-topic
2021-05-11 12:03:17 [Twitter4J Async Dispatcher[0]] INFO  c.m.d.k.p.c.s.i.TwitterKafkaProducer - Sending message='{"userId": 1143423411110043648, "id": 1392004845695995905, "text": "フォロワー、マイクラJava版をやってる人がもしかして多かったりする？\nわい、統合版しかやったことないけど。", "createdAt": 1620714792000}' to topic='twitter-topic'
2021-05-11 12:03:19 [Twitter4J Async Dispatcher[0]] INFO  c.m.d.t.t.k.s.l.TwitterKafkaStatusListener - Received status text RT @thicctatorx: I remember stumbling onto an online PDF of ‘the metamorphosis” and it was a life changing read https://t.co/QxYMeLWdJJ sending to kafka topic twitter-topic
2021-05-11 12:03:19 [Twitter4J Async Dispatcher[0]] INFO  c.m.d.k.p.c.s.i.TwitterKafkaProducer - Sending message='{"userId": 1288589043232432128, "id": 1392004853589692423, "text": "RT @thicctatorx: I remember stumbling onto an online PDF of \u2018the metamorphosis\u201D and it was a life changing read https://t.co/QxYMeLWdJJ", "createdAt": 1620714793000}' to topic='twitter-topic'
2021-05-11 12:03:47 [Twitter4J Async Dispatcher[0]] INFO  c.m.d.t.t.k.s.l.TwitterKafkaStatusListener - Received status text Java案件あります。どなたかー。 sending to kafka topic twitter-topic
2021-05-11 12:03:47 [Twitter4J Async Dispatcher[0]] INFO  c.m.d.k.p.c.s.i.TwitterKafkaProducer - Sending message='{"userId": 1390529035663413248, "id": 1392004972976300032, "text": "Java案件あります。どなたかー。", "createdAt": 1620714822000}' to topic='twitter-topic'
2021-05-11 12:03:55 [Twitter4J Async Dispatcher[0]] INFO  c.m.d.t.t.k.s.l.TwitterKafkaStatusListener - Received status text RT @ariwaller: In case you were wondering! @Pavan_Belagatti has a story about 4 #Apis for #apache #kafka that may interest you! https://t.c… sending to kafka topic twitter-topic
2021-05-11 12:03:55 [Twitter4J Async Dispatcher[0]] INFO  c.m.d.k.p.c.s.i.TwitterKafkaProducer - Sending message='{"userId": 2199002832, "id": 1392005007516467202, "text": "RT @ariwaller: In case you were wondering! @Pavan_Belagatti has a story about 4 #Apis for #apache #kafka that may interest you! https://t.c\u2026", "createdAt": 1620714830000}' to topic='twitter-topic'
2021-05-11 12:03:58 [Twitter4J Async Dispatcher[0]] INFO  c.m.d.t.t.k.s.l.TwitterKafkaStatusListener - Received status text RT @03Ginevra: Da tutte le cose mi separa uno spazio che non so delimitare.

Kafka, Diari 1911

—— Kurt Ammann  1952 https://t.co/x0M6Wf9QPq sending to kafka topic twitter-topic
2021-05-11 12:03:58 [Twitter4J Async Dispatcher[0]] INFO  c.m.d.k.p.c.s.i.TwitterKafkaProducer - Sending message='{"userId": 117135369, "id": 1392005019591974913, "text": "RT @03Ginevra: Da tutte le cose mi separa uno spazio che non so delimitare.\n\nKafka, Diari 1911\n\n\u2014\u2014 Kurt Ammann  1952 https://t.co/x0M6Wf9QPq", "createdAt": 1620714833000}' to topic='twitter-topic'
2021-05-11 12:04:05 [Twitter4J Async Dispatcher[0]] INFO  c.m.d.t.t.k.s.l.TwitterKafkaStatusListener - Received status text #DevOps & #DevSecOps embarking on work with K8s need to master the vocabulary born out of the new containerization, orchestration & #microservices.

So we've created the ultimate #Kubernetes glossary for you. It's one to bookmark 🔖 so get reading:
https://t.co/awccEWoSJh https://t.co/CnioEC7MK7 sending to kafka topic twitter-topic
2021-05-11 12:04:05 [Twitter4J Async Dispatcher[0]] INFO  c.m.d.k.p.c.s.i.TwitterKafkaProducer - Sending message='{"userId": 1056916828465889281, "id": 1392005047815376896, "text": "#DevOps & #DevSecOps embarking on work with K8s need to master the vocabulary born out of the new containerization, orchestration & #microservices.\n\nSo we've created the ultimate #Kubernetes glossary for you. It's one to bookmark 🔖 so get reading:\nhttps://t.co/awccEWoSJh https://t.co/CnioEC7MK7", "createdAt": 1620714840000}' to topic='twitter-topic'
2021-05-11 12:04:06 [Twitter4J Async Dispatcher[0]] INFO  c.m.d.t.t.k.s.l.TwitterKafkaStatusListener - Received status text ランキング:13位「Kindleストア」(15:34)

ずるい考え方 ゼロから始めるラテラルシンキ…
著者:木村尚義
価格:￥989
レビュー数:316
https://t.co/iaAXABxUsd sending to kafka topic twitter-topic
2021-05-11 12:04:06 [Twitter4J Async Dispatcher[0]] INFO  c.m.d.k.p.c.s.i.TwitterKafkaProducer - Sending message='{"userId": 2433651774, "id": 1392005054354259969, "text": "ランキング:13位「Kindleストア」(15:34)\n\nずるい考え方 ゼロから始めるラテラルシンキ\u2026\n著者:木村尚義\n価格:￥989\nレビュー数:316\nhttps://t.co/iaAXABxUsd", "createdAt": 1620714841000}' to topic='twitter-topic'
2021-05-11 12:04:09 [Twitter4J Async Dispatcher[0]] INFO  c.m.d.t.t.k.s.l.TwitterKafkaStatusListener - Received status text Frontend Entwickler (m/w/d) – Java Script Developer https://t.co/BCkWpKd1ab #ITjobs sending to kafka topic twitter-topic
2021-05-11 12:04:10 [Twitter4J Async Dispatcher[0]] INFO  c.m.d.k.p.c.s.i.TwitterKafkaProducer - Sending message='{"userId": 2798503111, "id": 1392005064173268998, "text": "Frontend Entwickler (m/w/d) \u2013 Java Script Developer https://t.co/BCkWpKd1ab #ITjobs", "createdAt": 1620714844000}' to topic='twitter-topic'
2021-05-11 12:04:26 [Twitter4J Async Dispatcher[0]] INFO  c.m.d.t.t.k.s.l.TwitterKafkaStatusListener - Received status text RT @mkheck: Thrilled to announce that today I join an absolutely brilliant team of Java Cloud advocates @microsoft! Honored to be on a team… sending to kafka topic twitter-topic
2021-05-11 12:04:26 [Twitter4J Async Dispatcher[0]] INFO  c.m.d.k.p.c.s.i.TwitterKafkaProducer - Sending message='{"userId": 15157003, "id": 1392005135644217344, "text": "RT @mkheck: Thrilled to announce that today I join an absolutely brilliant team of Java Cloud advocates @microsoft! Honored to be on a team\u2026", "createdAt": 1620714861000}' to topic='twitter-topic'
2021-05-11 12:04:32 [Twitter4J Async Dispatcher[0]] INFO  c.m.d.t.t.k.s.l.TwitterKafkaStatusListener - Received status text RT @indtravel: The morning landscape at Sanghyangdora Hill, Majalengka, West Java, looks like this! 

Which spot in Indonesia is your favor… sending to kafka topic twitter-topic
2021-05-11 12:04:32 [Twitter4J Async Dispatcher[0]] INFO  c.m.d.k.p.c.s.i.TwitterKafkaProducer - Sending message='{"userId": 141865323, "id": 1392005161086713868, "text": "RT @indtravel: The morning landscape at Sanghyangdora Hill, Majalengka, West Java, looks like this! \n\nWhich spot in Indonesia is your favor\u2026", "createdAt": 1620714867000}' to topic='twitter-topic'
2021-05-11 12:04:38 [Twitter4J Async Dispatcher[0]] INFO  c.m.d.t.t.k.s.l.TwitterKafkaStatusListener - Received status text @pop_Jd Ju unalamba java na python ka glucose sending to kafka topic twitter-topic
2021-05-11 12:04:38 [Twitter4J Async Dispatcher[0]] INFO  c.m.d.k.p.c.s.i.TwitterKafkaProducer - Sending message='{"userId": 311329429, "id": 1392005187426869250, "text": "@pop_Jd Ju unalamba java na python ka glucose", "createdAt": 1620714873000}' to topic='twitter-topic'
2021-05-11 12:04:58 [Twitter4J Async Dispatcher[0]] INFO  c.m.d.t.t.k.s.l.TwitterKafkaStatusListener - Received status text Kafka l'a écrit, la France le fait: l'Absurdistan administrativo-autoritaro-obscurantiste déconfinement basé sur... Rien sending to kafka topic twitter-topic
2021-05-11 12:04:58 [Twitter4J Async Dispatcher[0]] INFO  c.m.d.k.p.c.s.i.TwitterKafkaProducer - Sending message='{"userId": 1365567064539283460, "id": 1392005270860181505, "text": "Kafka l'a écrit, la France le fait: l'Absurdistan administrativo-autoritaro-obscurantiste déconfinement basé sur... Rien", "createdAt": 1620714893000}' to topic='twitter-topic'
2021-05-11 12:05:07 [Twitter4J Async Dispatcher[0]] INFO  c.m.d.t.t.k.s.l.TwitterKafkaStatusListener - Received status text ランキング:19位 (食品)

ネスカフェ エクセラ スティックコーヒー ミックスタイプ 6.6g x4本(4杯分) 小分け売り カフェラテ......(15:35)

https://t.co/kcyJKkDogw sending to kafka topic twitter-topic
2021-05-11 12:05:07 [Twitter4J Async Dispatcher[0]] INFO  c.m.d.k.p.c.s.i.TwitterKafkaProducer - Sending message='{"userId": 1367656120739762185, "id": 1392005308088688641, "text": "ランキング:19位 (食品)\n\nネスカフェ エクセラ スティックコーヒー ミックスタイプ 6.6g x4本(4杯分) 小分け売り カフェラテ......(15:35)\n\nhttps://t.co/kcyJKkDogw", "createdAt": 1620714902000}' to topic='twitter-topic'
2021-05-11 12:05:09 [Twitter4J Async Dispatcher[0]] INFO  c.m.d.t.t.k.s.l.TwitterKafkaStatusListener - Received status text RT @thicctatorx: I remember stumbling onto an online PDF of ‘the metamorphosis” and it was a life changing read sending to kafka topic twitter-topic
2021-05-11 12:05:09 [Twitter4J Async Dispatcher[0]] INFO  c.m.d.k.p.c.s.i.TwitterKafkaProducer - Sending message='{"userId": 3339152472, "id": 1392005317014167552, "text": "RT @thicctatorx: I remember stumbling onto an online PDF of \u2018the metamorphosis\u201D and it was a life changing read", "createdAt": 1620714904000}' to topic='twitter-topic'
2021-05-11 12:05:13 [Twitter4J Async Dispatcher[0]] INFO  c.m.d.t.t.k.s.l.TwitterKafkaStatusListener - Received status text RT @remote_dev_jobs: Senior Full Stack Software Engineer at Samotics #Angular #Application #Automation #Backend #C++ #Database #Design #Fro… sending to kafka topic twitter-topic
2021-05-11 12:05:13 [Twitter4J Async Dispatcher[0]] INFO  c.m.d.k.p.c.s.i.TwitterKafkaProducer - Sending message='{"userId": 310897418, "id": 1392005332491177986, "text": "RT @remote_dev_jobs: Senior Full Stack Software Engineer at Samotics #Angular #Application #Automation #Backend #C++ #Database #Design #Fro\u2026", "createdAt": 1620714908000}' to topic='twitter-topic'
2021-05-11 12:05:22 [Twitter4J Async Dispatcher[0]] INFO  c.m.d.t.t.k.s.l.TwitterKafkaStatusListener - Received status text Espace Freelance recherche un Devops : Java, Python, Terraform, GCP (F/H)
Région Lilloise
Freelance ou en portage salarial
Mission à pourvoir en régie 

https://t.co/TnsYZeL3xI 

#mission #EspaceFreelance #java #python #GCP #terraform #bash #shell sending to kafka topic twitter-topic
2021-05-11 12:05:22 [Twitter4J Async Dispatcher[0]] INFO  c.m.d.k.p.c.s.i.TwitterKafkaProducer - Sending message='{"userId": 1331923092902465536, "id": 1392005370495836160, "text": "Espace Freelance recherche un Devops : Java, Python, Terraform, GCP (F/H)\nRégion Lilloise\nFreelance ou en portage salarial\nMission à pourvoir en régie \n\nhttps://t.co/TnsYZeL3xI \n\n#mission #EspaceFreelance #java #python #GCP #terraform #bash #shell", "createdAt": 1620714917000}' to topic='twitter-topic'
2021-05-11 12:05:29 [Twitter4J Async Dispatcher[0]] INFO  c.m.d.t.t.k.s.l.TwitterKafkaStatusListener - Received status text RT @Peter_Kays: Dont forget to RT as you start off your day 🙏 sending to kafka topic twitter-topic
2021-05-11 12:05:29 [Twitter4J Async Dispatcher[0]] INFO  c.m.d.k.p.c.s.i.TwitterKafkaProducer - Sending message='{"userId": 1138487854139621379, "id": 1392005398937362432, "text": "RT @Peter_Kays: Dont forget to RT as you start off your day 🙏", "createdAt": 1620714923000}' to topic='twitter-topic'
2021-05-11 12:05:32 [Twitter4J Async Dispatcher[0]] INFO  c.m.d.t.t.k.s.l.TwitterKafkaStatusListener - Received status text RT @Acantilado1999: Recuperamos el programa «Alguien debería prohibir los domingos por la tarde» de @radio3_rne @rne en el que @CoixetIsabe… sending to kafka topic twitter-topic
2021-05-11 12:05:32 [Twitter4J Async Dispatcher[0]] INFO  c.m.d.k.p.c.s.i.TwitterKafkaProducer - Sending message='{"userId": 95741354, "id": 1392005415442034693, "text": "RT @Acantilado1999: Recuperamos el programa «Alguien debería prohibir los domingos por la tarde» de @radio3_rne @rne en el que @CoixetIsabe\u2026", "createdAt": 1620714927000}' to topic='twitter-topic'
2021-05-11 12:05:34 [Twitter4J Async Dispatcher[0]] INFO  c.m.d.t.t.k.s.l.TwitterKafkaStatusListener - Received status text @lapakdeobi https://t.co/3sbjwAi90r sending to kafka topic twitter-topic
2021-05-11 12:05:34 [Twitter4J Async Dispatcher[0]] INFO  c.m.d.k.p.c.s.i.TwitterKafkaProducer - Sending message='{"userId": 1310122727013933058, "id": 1392005420059828226, "text": "@lapakdeobi https://t.co/3sbjwAi90r", "createdAt": 1620714929000}' to topic='twitter-topic'
2021-05-11 12:05:45 [Twitter4J Async Dispatcher[0]] INFO  c.m.d.t.t.k.s.l.TwitterKafkaStatusListener - Received status text RT @faisalrosanto: manusia silver before it was cool. java jive. https://t.co/XzeHWDhBY4 sending to kafka topic twitter-topic
2021-05-11 12:05:45 [Twitter4J Async Dispatcher[0]] INFO  c.m.d.k.p.c.s.i.TwitterKafkaProducer - Sending message='{"userId": 508357598, "id": 1392005468554293252, "text": "RT @faisalrosanto: manusia silver before it was cool. java jive. https://t.co/XzeHWDhBY4", "createdAt": 1620714940000}' to topic='twitter-topic'
2021-05-11 12:06:07 [Twitter4J Async Dispatcher[0]] INFO  c.m.d.t.t.k.s.l.TwitterKafkaStatusListener - Received status text ❗ランキング：15位❗(電源パーツ)

「■ION+ 660P FD-PSU-IONP-660P-BK」
メーカ:Fractal Design

価格:¥21,796✨
🔥売り切れ間近🔥(15:36)

https://t.co/LC5wgl6dE4 sending to kafka topic twitter-topic
2021-05-11 12:06:07 [Twitter4J Async Dispatcher[0]] INFO  c.m.d.k.p.c.s.i.TwitterKafkaProducer - Sending message='{"userId": 1375961552122044417, "id": 1392005558966710276, "text": "❗ランキング：15位❗(電源パーツ)\n\n「■ION+ 660P FD-PSU-IONP-660P-BK」\nメーカ:Fractal Design\n\n価格:¥21,796✨\n🔥売り切れ間近🔥(15:36)\n\nhttps://t.co/LC5wgl6dE4", "createdAt": 1620714962000}' to topic='twitter-topic'
2021-05-11 12:06:07 [Twitter4J Async Dispatcher[0]] INFO  c.m.d.t.t.k.s.l.TwitterKafkaStatusListener - Received status text ランキング:14位「Kindleストア」(15:36)

アリエナイ医学事典
著者:亜留間次郎
価格:￥770
レビュー数:197
https://t.co/9ckVHbIOcE sending to kafka topic twitter-topic
2021-05-11 12:06:07 [Twitter4J Async Dispatcher[0]] INFO  c.m.d.k.p.c.s.i.TwitterKafkaProducer - Sending message='{"userId": 2433651774, "id": 1392005559159721984, "text": "ランキング:14位「Kindleストア」(15:36)\n\nアリエナイ医学事典\n著者:亜留間次郎\n価格:￥770\nレビュー数:197\nhttps://t.co/9ckVHbIOcE", "createdAt": 1620714962000}' to topic='twitter-topic'
2021-05-11 12:06:54 [main] INFO  c.m.d.t.t.k.s.TwitterToKafkaServiceApplication - Starting TwitterToKafkaServiceApplication on DESKTOP-JOG3D0A with PID 17748 (C:\Users\Dilip\SpringProjects\microservices-demo\twitter-to-kafka-service\target\classes started by Dilip in C:\Users\Dilip\SpringProjects\microservices-demo)
2021-05-11 12:06:54 [main] INFO  c.m.d.t.t.k.s.TwitterToKafkaServiceApplication - No active profile set, falling back to default profiles: default
2021-05-11 12:06:56 [main] INFO  o.a.k.c.admin.AdminClientConfig - AdminClientConfig values: 
	bootstrap.servers = [localhost:19092, localhost:29092, localhost:39092]
	client.dns.lookup = default
	client.id = 
	connections.max.idle.ms = 300000
	default.api.timeout.ms = 60000
	metadata.max.age.ms = 300000
	metric.reporters = []
	metrics.num.samples = 2
	metrics.recording.level = INFO
	metrics.sample.window.ms = 30000
	receive.buffer.bytes = 65536
	reconnect.backoff.max.ms = 1000
	reconnect.backoff.ms = 50
	request.timeout.ms = 30000
	retries = 2147483647
	retry.backoff.ms = 100
	sasl.client.callback.handler.class = null
	sasl.jaas.config = null
	sasl.kerberos.kinit.cmd = /usr/bin/kinit
	sasl.kerberos.min.time.before.relogin = 60000
	sasl.kerberos.service.name = null
	sasl.kerberos.ticket.renew.jitter = 0.05
	sasl.kerberos.ticket.renew.window.factor = 0.8
	sasl.login.callback.handler.class = null
	sasl.login.class = null
	sasl.login.refresh.buffer.seconds = 300
	sasl.login.refresh.min.period.seconds = 60
	sasl.login.refresh.window.factor = 0.8
	sasl.login.refresh.window.jitter = 0.05
	sasl.mechanism = GSSAPI
	security.protocol = PLAINTEXT
	security.providers = null
	send.buffer.bytes = 131072
	ssl.cipher.suites = null
	ssl.enabled.protocols = [TLSv1.2]
	ssl.endpoint.identification.algorithm = https
	ssl.key.password = null
	ssl.keymanager.algorithm = SunX509
	ssl.keystore.location = null
	ssl.keystore.password = null
	ssl.keystore.type = JKS
	ssl.protocol = TLSv1.2
	ssl.provider = null
	ssl.secure.random.implementation = null
	ssl.trustmanager.algorithm = PKIX
	ssl.truststore.location = null
	ssl.truststore.password = null
	ssl.truststore.type = JKS

2021-05-11 12:06:57 [main] INFO  o.a.kafka.common.utils.AppInfoParser - Kafka version: 2.5.1
2021-05-11 12:06:57 [main] INFO  o.a.kafka.common.utils.AppInfoParser - Kafka commitId: 0efa8fb0f4c73d92
2021-05-11 12:06:57 [main] INFO  o.a.kafka.common.utils.AppInfoParser - Kafka startTimeMs: 1620715017113
2021-05-11 12:06:58 [main] INFO  o.s.b.w.e.netty.NettyWebServer - Netty started on port(s): 8080
2021-05-11 12:06:58 [main] INFO  c.m.d.t.t.k.s.TwitterToKafkaServiceApplication - Started TwitterToKafkaServiceApplication in 5.393 seconds (JVM running for 6.786)
2021-05-11 12:06:58 [main] INFO  c.m.d.t.t.k.s.TwitterToKafkaServiceApplication - App starts...
2021-05-11 12:06:58 [main] INFO  c.m.d.k.a.client.KafkaAdminClient - Creating 1 topics(s), attempt 0
2021-05-11 12:06:58 [main] INFO  c.m.d.k.a.client.KafkaAdminClient - Create topic result [KafkaFuture{value=null,exception=null,done=false}]
2021-05-11 12:06:58 [main] INFO  c.m.d.k.a.client.KafkaAdminClient - Reading kafka topic [twitter-topic], attempt 0
2021-05-11 12:06:58 [main] INFO  c.m.d.t.t.k.s.i.i.KafkaStreamInitializer - Topics with name twitter-topic is ready for operations!
2021-05-11 12:06:58 [main] INFO  c.m.d.t.t.k.s.r.i.TwitterKafkaStreamRunner - Started filtering twitter stream for keywords [Java, Microservices, Kafka, Elasticsearch]
2021-05-11 12:06:58 [Twitter Stream consumer /  [1][initializing]] INFO  twitter4j.TwitterStreamImpl - Establishing connection.
2021-05-11 12:07:05 [Twitter Stream consumer /  [1][Establishing connection]] INFO  twitter4j.TwitterStreamImpl - Connection established.
2021-05-11 12:07:05 [Twitter Stream consumer /  [1][Establishing connection]] INFO  twitter4j.TwitterStreamImpl - Receiving status stream.
2021-05-11 12:07:05 [Twitter4J Async Dispatcher[0]] INFO  c.m.d.t.t.k.s.l.TwitterKafkaStatusListener - Received status text FREE BOOKS were awesome to have as guests and did a great job on communicating on matters like check-in and check-out time. I can recommend them and I hope to have them again as guests. Mastering Lambdas: Java Programming in a Multicore World (Oracle Press) by Maurice Naftalin. sending to kafka topic twitter-topic
2021-05-11 12:07:05 [Twitter4J Async Dispatcher[0]] INFO  c.m.d.k.p.c.s.i.TwitterKafkaProducer - Sending message='{"userId": 1389030593871056897, "id": 1392005804320980993, "text": "FREE BOOKS were awesome to have as guests and did a great job on communicating on matters like check-in and check-out time. I can recommend them and I hope to have them again as guests. Mastering Lambdas: Java Programming in a Multicore World (Oracle Press) by Maurice Naftalin.", "createdAt": 1620715020000}' to topic='twitter-topic'
2021-05-11 12:07:06 [Twitter4J Async Dispatcher[0]] INFO  o.a.k.c.producer.ProducerConfig - ProducerConfig values: 
	acks = -1
	batch.size = 1638400
	bootstrap.servers = [localhost:19092, localhost:29092, localhost:39092]
	buffer.memory = 33554432
	client.dns.lookup = default
	client.id = producer-1
	compression.type = snappy
	connections.max.idle.ms = 540000
	delivery.timeout.ms = 120000
	enable.idempotence = false
	interceptor.classes = []
	key.serializer = class org.apache.kafka.common.serialization.LongSerializer
	linger.ms = 5
	max.block.ms = 60000
	max.in.flight.requests.per.connection = 5
	max.request.size = 1048576
	metadata.max.age.ms = 300000
	metadata.max.idle.ms = 300000
	metric.reporters = []
	metrics.num.samples = 2
	metrics.recording.level = INFO
	metrics.sample.window.ms = 30000
	partitioner.class = class org.apache.kafka.clients.producer.internals.DefaultPartitioner
	receive.buffer.bytes = 32768
	reconnect.backoff.max.ms = 1000
	reconnect.backoff.ms = 50
	request.timeout.ms = 60000
	retries = 5
	retry.backoff.ms = 100
	sasl.client.callback.handler.class = null
	sasl.jaas.config = null
	sasl.kerberos.kinit.cmd = /usr/bin/kinit
	sasl.kerberos.min.time.before.relogin = 60000
	sasl.kerberos.service.name = null
	sasl.kerberos.ticket.renew.jitter = 0.05
	sasl.kerberos.ticket.renew.window.factor = 0.8
	sasl.login.callback.handler.class = null
	sasl.login.class = null
	sasl.login.refresh.buffer.seconds = 300
	sasl.login.refresh.min.period.seconds = 60
	sasl.login.refresh.window.factor = 0.8
	sasl.login.refresh.window.jitter = 0.05
	sasl.mechanism = GSSAPI
	security.protocol = PLAINTEXT
	security.providers = null
	send.buffer.bytes = 131072
	ssl.cipher.suites = null
	ssl.enabled.protocols = [TLSv1.2]
	ssl.endpoint.identification.algorithm = https
	ssl.key.password = null
	ssl.keymanager.algorithm = SunX509
	ssl.keystore.location = null
	ssl.keystore.password = null
	ssl.keystore.type = JKS
	ssl.protocol = TLSv1.2
	ssl.provider = null
	ssl.secure.random.implementation = null
	ssl.trustmanager.algorithm = PKIX
	ssl.truststore.location = null
	ssl.truststore.password = null
	ssl.truststore.type = JKS
	transaction.timeout.ms = 60000
	transactional.id = null
	value.serializer = class io.confluent.kafka.serializers.KafkaAvroSerializer

2021-05-11 12:07:06 [Twitter4J Async Dispatcher[0]] INFO  i.c.k.s.KafkaAvroSerializerConfig - KafkaAvroSerializerConfig values: 
	bearer.auth.token = [hidden]
	proxy.port = -1
	schema.reflection = false
	auto.register.schemas = true
	max.schemas.per.subject = 1000
	basic.auth.credentials.source = URL
	value.subject.name.strategy = class io.confluent.kafka.serializers.subject.TopicNameStrategy
	schema.registry.url = [http://localhost:8081]
	basic.auth.user.info = [hidden]
	proxy.host = 
	use.latest.version = false
	schema.registry.basic.auth.user.info = [hidden]
	bearer.auth.credentials.source = STATIC_TOKEN
	key.subject.name.strategy = class io.confluent.kafka.serializers.subject.TopicNameStrategy

2021-05-11 12:07:06 [Twitter4J Async Dispatcher[0]] WARN  o.a.k.c.producer.ProducerConfig - The configuration 'internal.auto.downgrade.txn.commit' was supplied but isn't a known config.
2021-05-11 12:07:06 [Twitter4J Async Dispatcher[0]] INFO  o.a.kafka.common.utils.AppInfoParser - Kafka version: 2.5.1
2021-05-11 12:07:06 [Twitter4J Async Dispatcher[0]] INFO  o.a.kafka.common.utils.AppInfoParser - Kafka commitId: 0efa8fb0f4c73d92
2021-05-11 12:07:06 [Twitter4J Async Dispatcher[0]] INFO  o.a.kafka.common.utils.AppInfoParser - Kafka startTimeMs: 1620715026094
2021-05-11 12:07:06 [kafka-producer-network-thread | producer-1] INFO  org.apache.kafka.clients.Metadata - [Producer clientId=producer-1] Cluster ID: 0VdDceaUToapdTuM-z2HCg
2021-05-11 12:20:53 [main] INFO  o.s.c.c.c.ConfigServicePropertySourceLocator - Fetching config from server at : http://localhost:8888
2021-05-11 12:20:55 [main] WARN  o.s.c.c.c.ConfigServicePropertySourceLocator - Could not locate PropertySource: None of labels [] found
2021-05-11 12:20:55 [main] INFO  c.m.d.t.t.k.s.TwitterToKafkaServiceApplication - The following profiles are active: twitter_to_kafka
2021-05-11 12:20:57 [main] INFO  o.s.cloud.context.scope.GenericScope - BeanFactory id=b0c2dc93-02b0-39c2-b9ac-0e0823eb9cc9
2021-05-11 12:20:57 [main] INFO  o.s.c.s.PostProcessorRegistrationDelegate$BeanPostProcessorChecker - Bean 'org.springframework.retry.annotation.RetryConfiguration' of type [org.springframework.retry.annotation.RetryConfiguration$$EnhancerBySpringCGLIB$$2b8f65dc] is not eligible for getting processed by all BeanPostProcessors (for example: not eligible for auto-proxying)
2021-05-11 12:20:58 [main] WARN  o.s.b.w.r.c.AnnotationConfigReactiveWebServerApplicationContext - Exception encountered during context initialization - cancelling refresh attempt: org.springframework.beans.factory.UnsatisfiedDependencyException: Error creating bean with name 'twitterToKafkaServiceApplication': Unsatisfied dependency expressed through constructor parameter 0; nested exception is org.springframework.beans.factory.UnsatisfiedDependencyException: Error creating bean with name 'twitterKafkaStreamRunner' defined in file [C:\Users\Dilip\SpringProjects\microservices-demo\twitter-to-kafka-service\target\classes\com\microservices\demo\twitter\to\kafka\service\runner\impl\TwitterKafkaStreamRunner.class]: Unsatisfied dependency expressed through constructor parameter 1; nested exception is org.springframework.beans.factory.UnsatisfiedDependencyException: Error creating bean with name 'twitterKafkaStatusListener' defined in file [C:\Users\Dilip\SpringProjects\microservices-demo\twitter-to-kafka-service\target\classes\com\microservices\demo\twitter\to\kafka\service\listener\TwitterKafkaStatusListener.class]: Unsatisfied dependency expressed through constructor parameter 1; nested exception is org.springframework.beans.factory.UnsatisfiedDependencyException: Error creating bean with name 'twitterKafkaProducer' defined in file [C:\Users\Dilip\SpringProjects\microservices-demo\kafka\kafka-producer\target\classes\com\microservices\demo\kafka\producer\config\service\impl\TwitterKafkaProducer.class]: Unsatisfied dependency expressed through constructor parameter 0; nested exception is org.springframework.beans.factory.BeanCreationException: Error creating bean with name 'kafkaTemplate' defined in class path resource [com/microservices/demo/kafka/producer/config/KafkaProducerConfig.class]: Bean instantiation via factory method failed; nested exception is org.springframework.beans.BeanInstantiationException: Failed to instantiate [org.springframework.kafka.core.KafkaTemplate]: Factory method 'kafkaTemplate' threw exception; nested exception is org.springframework.beans.factory.BeanCreationException: Error creating bean with name 'producerFactory' defined in class path resource [com/microservices/demo/kafka/producer/config/KafkaProducerConfig.class]: Bean instantiation via factory method failed; nested exception is org.springframework.beans.BeanInstantiationException: Failed to instantiate [org.springframework.kafka.core.ProducerFactory]: Factory method 'producerFactory' threw exception; nested exception is org.springframework.beans.factory.BeanCreationException: Error creating bean with name 'producerConfig' defined in class path resource [com/microservices/demo/kafka/producer/config/KafkaProducerConfig.class]: Bean instantiation via factory method failed; nested exception is org.springframework.beans.BeanInstantiationException: Failed to instantiate [java.util.Map]: Factory method 'producerConfig' threw exception; nested exception is java.lang.NullPointerException: Cannot invoke "java.lang.Integer.intValue()" because the return value of "com.microservices.demo.config.KafkaProducerConfigData.getBatchSize()" is null
2021-05-11 12:20:59 [main] INFO  o.s.b.a.l.ConditionEvaluationReportLoggingListener - 

Error starting ApplicationContext. To display the conditions report re-run your application with 'debug' enabled.
2021-05-11 12:20:59 [main] ERROR o.s.boot.SpringApplication - Application run failed
org.springframework.beans.factory.UnsatisfiedDependencyException: Error creating bean with name 'twitterToKafkaServiceApplication': Unsatisfied dependency expressed through constructor parameter 0; nested exception is org.springframework.beans.factory.UnsatisfiedDependencyException: Error creating bean with name 'twitterKafkaStreamRunner' defined in file [C:\Users\Dilip\SpringProjects\microservices-demo\twitter-to-kafka-service\target\classes\com\microservices\demo\twitter\to\kafka\service\runner\impl\TwitterKafkaStreamRunner.class]: Unsatisfied dependency expressed through constructor parameter 1; nested exception is org.springframework.beans.factory.UnsatisfiedDependencyException: Error creating bean with name 'twitterKafkaStatusListener' defined in file [C:\Users\Dilip\SpringProjects\microservices-demo\twitter-to-kafka-service\target\classes\com\microservices\demo\twitter\to\kafka\service\listener\TwitterKafkaStatusListener.class]: Unsatisfied dependency expressed through constructor parameter 1; nested exception is org.springframework.beans.factory.UnsatisfiedDependencyException: Error creating bean with name 'twitterKafkaProducer' defined in file [C:\Users\Dilip\SpringProjects\microservices-demo\kafka\kafka-producer\target\classes\com\microservices\demo\kafka\producer\config\service\impl\TwitterKafkaProducer.class]: Unsatisfied dependency expressed through constructor parameter 0; nested exception is org.springframework.beans.factory.BeanCreationException: Error creating bean with name 'kafkaTemplate' defined in class path resource [com/microservices/demo/kafka/producer/config/KafkaProducerConfig.class]: Bean instantiation via factory method failed; nested exception is org.springframework.beans.BeanInstantiationException: Failed to instantiate [org.springframework.kafka.core.KafkaTemplate]: Factory method 'kafkaTemplate' threw exception; nested exception is org.springframework.beans.factory.BeanCreationException: Error creating bean with name 'producerFactory' defined in class path resource [com/microservices/demo/kafka/producer/config/KafkaProducerConfig.class]: Bean instantiation via factory method failed; nested exception is org.springframework.beans.BeanInstantiationException: Failed to instantiate [org.springframework.kafka.core.ProducerFactory]: Factory method 'producerFactory' threw exception; nested exception is org.springframework.beans.factory.BeanCreationException: Error creating bean with name 'producerConfig' defined in class path resource [com/microservices/demo/kafka/producer/config/KafkaProducerConfig.class]: Bean instantiation via factory method failed; nested exception is org.springframework.beans.BeanInstantiationException: Failed to instantiate [java.util.Map]: Factory method 'producerConfig' threw exception; nested exception is java.lang.NullPointerException: Cannot invoke "java.lang.Integer.intValue()" because the return value of "com.microservices.demo.config.KafkaProducerConfigData.getBatchSize()" is null
	at org.springframework.beans.factory.support.ConstructorResolver.createArgumentArray(ConstructorResolver.java:797)
	at org.springframework.beans.factory.support.ConstructorResolver.autowireConstructor(ConstructorResolver.java:227)
	at org.springframework.beans.factory.support.AbstractAutowireCapableBeanFactory.autowireConstructor(AbstractAutowireCapableBeanFactory.java:1356)
	at org.springframework.beans.factory.support.AbstractAutowireCapableBeanFactory.createBeanInstance(AbstractAutowireCapableBeanFactory.java:1203)
	at org.springframework.beans.factory.support.AbstractAutowireCapableBeanFactory.doCreateBean(AbstractAutowireCapableBeanFactory.java:556)
	at org.springframework.beans.factory.support.AbstractAutowireCapableBeanFactory.createBean(AbstractAutowireCapableBeanFactory.java:516)
	at org.springframework.beans.factory.support.AbstractBeanFactory.lambda$doGetBean$0(AbstractBeanFactory.java:324)
	at org.springframework.beans.factory.support.DefaultSingletonBeanRegistry.getSingleton(DefaultSingletonBeanRegistry.java:234)
	at org.springframework.beans.factory.support.AbstractBeanFactory.doGetBean(AbstractBeanFactory.java:322)
	at org.springframework.beans.factory.support.AbstractBeanFactory.getBean(AbstractBeanFactory.java:202)
	at org.springframework.beans.factory.support.DefaultListableBeanFactory.preInstantiateSingletons(DefaultListableBeanFactory.java:897)
	at org.springframework.context.support.AbstractApplicationContext.finishBeanFactoryInitialization(AbstractApplicationContext.java:879)
	at org.springframework.context.support.AbstractApplicationContext.refresh(AbstractApplicationContext.java:551)
	at org.springframework.boot.web.reactive.context.ReactiveWebServerApplicationContext.refresh(ReactiveWebServerApplicationContext.java:62)
	at org.springframework.boot.SpringApplication.refresh(SpringApplication.java:758)
	at org.springframework.boot.SpringApplication.refresh(SpringApplication.java:750)
	at org.springframework.boot.SpringApplication.refreshContext(SpringApplication.java:397)
	at org.springframework.boot.SpringApplication.run(SpringApplication.java:315)
	at org.springframework.boot.SpringApplication.run(SpringApplication.java:1237)
	at org.springframework.boot.SpringApplication.run(SpringApplication.java:1226)
	at com.microservices.demo.twitter.to.kafka.service.TwitterToKafkaServiceApplication.main(TwitterToKafkaServiceApplication.java:28)
Caused by: org.springframework.beans.factory.UnsatisfiedDependencyException: Error creating bean with name 'twitterKafkaStreamRunner' defined in file [C:\Users\Dilip\SpringProjects\microservices-demo\twitter-to-kafka-service\target\classes\com\microservices\demo\twitter\to\kafka\service\runner\impl\TwitterKafkaStreamRunner.class]: Unsatisfied dependency expressed through constructor parameter 1; nested exception is org.springframework.beans.factory.UnsatisfiedDependencyException: Error creating bean with name 'twitterKafkaStatusListener' defined in file [C:\Users\Dilip\SpringProjects\microservices-demo\twitter-to-kafka-service\target\classes\com\microservices\demo\twitter\to\kafka\service\listener\TwitterKafkaStatusListener.class]: Unsatisfied dependency expressed through constructor parameter 1; nested exception is org.springframework.beans.factory.UnsatisfiedDependencyException: Error creating bean with name 'twitterKafkaProducer' defined in file [C:\Users\Dilip\SpringProjects\microservices-demo\kafka\kafka-producer\target\classes\com\microservices\demo\kafka\producer\config\service\impl\TwitterKafkaProducer.class]: Unsatisfied dependency expressed through constructor parameter 0; nested exception is org.springframework.beans.factory.BeanCreationException: Error creating bean with name 'kafkaTemplate' defined in class path resource [com/microservices/demo/kafka/producer/config/KafkaProducerConfig.class]: Bean instantiation via factory method failed; nested exception is org.springframework.beans.BeanInstantiationException: Failed to instantiate [org.springframework.kafka.core.KafkaTemplate]: Factory method 'kafkaTemplate' threw exception; nested exception is org.springframework.beans.factory.BeanCreationException: Error creating bean with name 'producerFactory' defined in class path resource [com/microservices/demo/kafka/producer/config/KafkaProducerConfig.class]: Bean instantiation via factory method failed; nested exception is org.springframework.beans.BeanInstantiationException: Failed to instantiate [org.springframework.kafka.core.ProducerFactory]: Factory method 'producerFactory' threw exception; nested exception is org.springframework.beans.factory.BeanCreationException: Error creating bean with name 'producerConfig' defined in class path resource [com/microservices/demo/kafka/producer/config/KafkaProducerConfig.class]: Bean instantiation via factory method failed; nested exception is org.springframework.beans.BeanInstantiationException: Failed to instantiate [java.util.Map]: Factory method 'producerConfig' threw exception; nested exception is java.lang.NullPointerException: Cannot invoke "java.lang.Integer.intValue()" because the return value of "com.microservices.demo.config.KafkaProducerConfigData.getBatchSize()" is null
	at org.springframework.beans.factory.support.ConstructorResolver.createArgumentArray(ConstructorResolver.java:797)
	at org.springframework.beans.factory.support.ConstructorResolver.autowireConstructor(ConstructorResolver.java:227)
	at org.springframework.beans.factory.support.AbstractAutowireCapableBeanFactory.autowireConstructor(AbstractAutowireCapableBeanFactory.java:1356)
	at org.springframework.beans.factory.support.AbstractAutowireCapableBeanFactory.createBeanInstance(AbstractAutowireCapableBeanFactory.java:1203)
	at org.springframework.beans.factory.support.AbstractAutowireCapableBeanFactory.doCreateBean(AbstractAutowireCapableBeanFactory.java:556)
	at org.springframework.beans.factory.support.AbstractAutowireCapableBeanFactory.createBean(AbstractAutowireCapableBeanFactory.java:516)
	at org.springframework.beans.factory.support.AbstractBeanFactory.lambda$doGetBean$0(AbstractBeanFactory.java:324)
	at org.springframework.beans.factory.support.DefaultSingletonBeanRegistry.getSingleton(DefaultSingletonBeanRegistry.java:234)
	at org.springframework.beans.factory.support.AbstractBeanFactory.doGetBean(AbstractBeanFactory.java:322)
	at org.springframework.beans.factory.support.AbstractBeanFactory.getBean(AbstractBeanFactory.java:202)
	at org.springframework.beans.factory.config.DependencyDescriptor.resolveCandidate(DependencyDescriptor.java:276)
	at org.springframework.beans.factory.support.DefaultListableBeanFactory.doResolveDependency(DefaultListableBeanFactory.java:1307)
	at org.springframework.beans.factory.support.DefaultListableBeanFactory.resolveDependency(DefaultListableBeanFactory.java:1227)
	at org.springframework.beans.factory.support.ConstructorResolver.resolveAutowiredArgument(ConstructorResolver.java:884)
	at org.springframework.beans.factory.support.ConstructorResolver.createArgumentArray(ConstructorResolver.java:788)
	... 20 common frames omitted
Caused by: org.springframework.beans.factory.UnsatisfiedDependencyException: Error creating bean with name 'twitterKafkaStatusListener' defined in file [C:\Users\Dilip\SpringProjects\microservices-demo\twitter-to-kafka-service\target\classes\com\microservices\demo\twitter\to\kafka\service\listener\TwitterKafkaStatusListener.class]: Unsatisfied dependency expressed through constructor parameter 1; nested exception is org.springframework.beans.factory.UnsatisfiedDependencyException: Error creating bean with name 'twitterKafkaProducer' defined in file [C:\Users\Dilip\SpringProjects\microservices-demo\kafka\kafka-producer\target\classes\com\microservices\demo\kafka\producer\config\service\impl\TwitterKafkaProducer.class]: Unsatisfied dependency expressed through constructor parameter 0; nested exception is org.springframework.beans.factory.BeanCreationException: Error creating bean with name 'kafkaTemplate' defined in class path resource [com/microservices/demo/kafka/producer/config/KafkaProducerConfig.class]: Bean instantiation via factory method failed; nested exception is org.springframework.beans.BeanInstantiationException: Failed to instantiate [org.springframework.kafka.core.KafkaTemplate]: Factory method 'kafkaTemplate' threw exception; nested exception is org.springframework.beans.factory.BeanCreationException: Error creating bean with name 'producerFactory' defined in class path resource [com/microservices/demo/kafka/producer/config/KafkaProducerConfig.class]: Bean instantiation via factory method failed; nested exception is org.springframework.beans.BeanInstantiationException: Failed to instantiate [org.springframework.kafka.core.ProducerFactory]: Factory method 'producerFactory' threw exception; nested exception is org.springframework.beans.factory.BeanCreationException: Error creating bean with name 'producerConfig' defined in class path resource [com/microservices/demo/kafka/producer/config/KafkaProducerConfig.class]: Bean instantiation via factory method failed; nested exception is org.springframework.beans.BeanInstantiationException: Failed to instantiate [java.util.Map]: Factory method 'producerConfig' threw exception; nested exception is java.lang.NullPointerException: Cannot invoke "java.lang.Integer.intValue()" because the return value of "com.microservices.demo.config.KafkaProducerConfigData.getBatchSize()" is null
	at org.springframework.beans.factory.support.ConstructorResolver.createArgumentArray(ConstructorResolver.java:797)
	at org.springframework.beans.factory.support.ConstructorResolver.autowireConstructor(ConstructorResolver.java:227)
	at org.springframework.beans.factory.support.AbstractAutowireCapableBeanFactory.autowireConstructor(AbstractAutowireCapableBeanFactory.java:1356)
	at org.springframework.beans.factory.support.AbstractAutowireCapableBeanFactory.createBeanInstance(AbstractAutowireCapableBeanFactory.java:1203)
	at org.springframework.beans.factory.support.AbstractAutowireCapableBeanFactory.doCreateBean(AbstractAutowireCapableBeanFactory.java:556)
	at org.springframework.beans.factory.support.AbstractAutowireCapableBeanFactory.createBean(AbstractAutowireCapableBeanFactory.java:516)
	at org.springframework.beans.factory.support.AbstractBeanFactory.lambda$doGetBean$0(AbstractBeanFactory.java:324)
	at org.springframework.beans.factory.support.DefaultSingletonBeanRegistry.getSingleton(DefaultSingletonBeanRegistry.java:234)
	at org.springframework.beans.factory.support.AbstractBeanFactory.doGetBean(AbstractBeanFactory.java:322)
	at org.springframework.beans.factory.support.AbstractBeanFactory.getBean(AbstractBeanFactory.java:202)
	at org.springframework.beans.factory.config.DependencyDescriptor.resolveCandidate(DependencyDescriptor.java:276)
	at org.springframework.beans.factory.support.DefaultListableBeanFactory.doResolveDependency(DefaultListableBeanFactory.java:1307)
	at org.springframework.beans.factory.support.DefaultListableBeanFactory.resolveDependency(DefaultListableBeanFactory.java:1227)
	at org.springframework.beans.factory.support.ConstructorResolver.resolveAutowiredArgument(ConstructorResolver.java:884)
	at org.springframework.beans.factory.support.ConstructorResolver.createArgumentArray(ConstructorResolver.java:788)
	... 34 common frames omitted
Caused by: org.springframework.beans.factory.UnsatisfiedDependencyException: Error creating bean with name 'twitterKafkaProducer' defined in file [C:\Users\Dilip\SpringProjects\microservices-demo\kafka\kafka-producer\target\classes\com\microservices\demo\kafka\producer\config\service\impl\TwitterKafkaProducer.class]: Unsatisfied dependency expressed through constructor parameter 0; nested exception is org.springframework.beans.factory.BeanCreationException: Error creating bean with name 'kafkaTemplate' defined in class path resource [com/microservices/demo/kafka/producer/config/KafkaProducerConfig.class]: Bean instantiation via factory method failed; nested exception is org.springframework.beans.BeanInstantiationException: Failed to instantiate [org.springframework.kafka.core.KafkaTemplate]: Factory method 'kafkaTemplate' threw exception; nested exception is org.springframework.beans.factory.BeanCreationException: Error creating bean with name 'producerFactory' defined in class path resource [com/microservices/demo/kafka/producer/config/KafkaProducerConfig.class]: Bean instantiation via factory method failed; nested exception is org.springframework.beans.BeanInstantiationException: Failed to instantiate [org.springframework.kafka.core.ProducerFactory]: Factory method 'producerFactory' threw exception; nested exception is org.springframework.beans.factory.BeanCreationException: Error creating bean with name 'producerConfig' defined in class path resource [com/microservices/demo/kafka/producer/config/KafkaProducerConfig.class]: Bean instantiation via factory method failed; nested exception is org.springframework.beans.BeanInstantiationException: Failed to instantiate [java.util.Map]: Factory method 'producerConfig' threw exception; nested exception is java.lang.NullPointerException: Cannot invoke "java.lang.Integer.intValue()" because the return value of "com.microservices.demo.config.KafkaProducerConfigData.getBatchSize()" is null
	at org.springframework.beans.factory.support.ConstructorResolver.createArgumentArray(ConstructorResolver.java:797)
	at org.springframework.beans.factory.support.ConstructorResolver.autowireConstructor(ConstructorResolver.java:227)
	at org.springframework.beans.factory.support.AbstractAutowireCapableBeanFactory.autowireConstructor(AbstractAutowireCapableBeanFactory.java:1356)
	at org.springframework.beans.factory.support.AbstractAutowireCapableBeanFactory.createBeanInstance(AbstractAutowireCapableBeanFactory.java:1203)
	at org.springframework.beans.factory.support.AbstractAutowireCapableBeanFactory.doCreateBean(AbstractAutowireCapableBeanFactory.java:556)
	at org.springframework.beans.factory.support.AbstractAutowireCapableBeanFactory.createBean(AbstractAutowireCapableBeanFactory.java:516)
	at org.springframework.beans.factory.support.AbstractBeanFactory.lambda$doGetBean$0(AbstractBeanFactory.java:324)
	at org.springframework.beans.factory.support.DefaultSingletonBeanRegistry.getSingleton(DefaultSingletonBeanRegistry.java:234)
	at org.springframework.beans.factory.support.AbstractBeanFactory.doGetBean(AbstractBeanFactory.java:322)
	at org.springframework.beans.factory.support.AbstractBeanFactory.getBean(AbstractBeanFactory.java:202)
	at org.springframework.beans.factory.config.DependencyDescriptor.resolveCandidate(DependencyDescriptor.java:276)
	at org.springframework.beans.factory.support.DefaultListableBeanFactory.doResolveDependency(DefaultListableBeanFactory.java:1307)
	at org.springframework.beans.factory.support.DefaultListableBeanFactory.resolveDependency(DefaultListableBeanFactory.java:1227)
	at org.springframework.beans.factory.support.ConstructorResolver.resolveAutowiredArgument(ConstructorResolver.java:884)
	at org.springframework.beans.factory.support.ConstructorResolver.createArgumentArray(ConstructorResolver.java:788)
	... 48 common frames omitted
Caused by: org.springframework.beans.factory.BeanCreationException: Error creating bean with name 'kafkaTemplate' defined in class path resource [com/microservices/demo/kafka/producer/config/KafkaProducerConfig.class]: Bean instantiation via factory method failed; nested exception is org.springframework.beans.BeanInstantiationException: Failed to instantiate [org.springframework.kafka.core.KafkaTemplate]: Factory method 'kafkaTemplate' threw exception; nested exception is org.springframework.beans.factory.BeanCreationException: Error creating bean with name 'producerFactory' defined in class path resource [com/microservices/demo/kafka/producer/config/KafkaProducerConfig.class]: Bean instantiation via factory method failed; nested exception is org.springframework.beans.BeanInstantiationException: Failed to instantiate [org.springframework.kafka.core.ProducerFactory]: Factory method 'producerFactory' threw exception; nested exception is org.springframework.beans.factory.BeanCreationException: Error creating bean with name 'producerConfig' defined in class path resource [com/microservices/demo/kafka/producer/config/KafkaProducerConfig.class]: Bean instantiation via factory method failed; nested exception is org.springframework.beans.BeanInstantiationException: Failed to instantiate [java.util.Map]: Factory method 'producerConfig' threw exception; nested exception is java.lang.NullPointerException: Cannot invoke "java.lang.Integer.intValue()" because the return value of "com.microservices.demo.config.KafkaProducerConfigData.getBatchSize()" is null
	at org.springframework.beans.factory.support.ConstructorResolver.instantiate(ConstructorResolver.java:655)
	at org.springframework.beans.factory.support.ConstructorResolver.instantiateUsingFactoryMethod(ConstructorResolver.java:483)
	at org.springframework.beans.factory.support.AbstractAutowireCapableBeanFactory.instantiateUsingFactoryMethod(AbstractAutowireCapableBeanFactory.java:1336)
	at org.springframework.beans.factory.support.AbstractAutowireCapableBeanFactory.createBeanInstance(AbstractAutowireCapableBeanFactory.java:1176)
	at org.springframework.beans.factory.support.AbstractAutowireCapableBeanFactory.doCreateBean(AbstractAutowireCapableBeanFactory.java:556)
	at org.springframework.beans.factory.support.AbstractAutowireCapableBeanFactory.createBean(AbstractAutowireCapableBeanFactory.java:516)
	at org.springframework.beans.factory.support.AbstractBeanFactory.lambda$doGetBean$0(AbstractBeanFactory.java:324)
	at org.springframework.beans.factory.support.DefaultSingletonBeanRegistry.getSingleton(DefaultSingletonBeanRegistry.java:234)
	at org.springframework.beans.factory.support.AbstractBeanFactory.doGetBean(AbstractBeanFactory.java:322)
	at org.springframework.beans.factory.support.AbstractBeanFactory.getBean(AbstractBeanFactory.java:202)
	at org.springframework.beans.factory.config.DependencyDescriptor.resolveCandidate(DependencyDescriptor.java:276)
	at org.springframework.beans.factory.support.DefaultListableBeanFactory.doResolveDependency(DefaultListableBeanFactory.java:1307)
	at org.springframework.beans.factory.support.DefaultListableBeanFactory.resolveDependency(DefaultListableBeanFactory.java:1227)
	at org.springframework.beans.factory.support.ConstructorResolver.resolveAutowiredArgument(ConstructorResolver.java:884)
	at org.springframework.beans.factory.support.ConstructorResolver.createArgumentArray(ConstructorResolver.java:788)
	... 62 common frames omitted
Caused by: org.springframework.beans.BeanInstantiationException: Failed to instantiate [org.springframework.kafka.core.KafkaTemplate]: Factory method 'kafkaTemplate' threw exception; nested exception is org.springframework.beans.factory.BeanCreationException: Error creating bean with name 'producerFactory' defined in class path resource [com/microservices/demo/kafka/producer/config/KafkaProducerConfig.class]: Bean instantiation via factory method failed; nested exception is org.springframework.beans.BeanInstantiationException: Failed to instantiate [org.springframework.kafka.core.ProducerFactory]: Factory method 'producerFactory' threw exception; nested exception is org.springframework.beans.factory.BeanCreationException: Error creating bean with name 'producerConfig' defined in class path resource [com/microservices/demo/kafka/producer/config/KafkaProducerConfig.class]: Bean instantiation via factory method failed; nested exception is org.springframework.beans.BeanInstantiationException: Failed to instantiate [java.util.Map]: Factory method 'producerConfig' threw exception; nested exception is java.lang.NullPointerException: Cannot invoke "java.lang.Integer.intValue()" because the return value of "com.microservices.demo.config.KafkaProducerConfigData.getBatchSize()" is null
	at org.springframework.beans.factory.support.SimpleInstantiationStrategy.instantiate(SimpleInstantiationStrategy.java:185)
	at org.springframework.beans.factory.support.ConstructorResolver.instantiate(ConstructorResolver.java:650)
	... 76 common frames omitted
Caused by: org.springframework.beans.factory.BeanCreationException: Error creating bean with name 'producerFactory' defined in class path resource [com/microservices/demo/kafka/producer/config/KafkaProducerConfig.class]: Bean instantiation via factory method failed; nested exception is org.springframework.beans.BeanInstantiationException: Failed to instantiate [org.springframework.kafka.core.ProducerFactory]: Factory method 'producerFactory' threw exception; nested exception is org.springframework.beans.factory.BeanCreationException: Error creating bean with name 'producerConfig' defined in class path resource [com/microservices/demo/kafka/producer/config/KafkaProducerConfig.class]: Bean instantiation via factory method failed; nested exception is org.springframework.beans.BeanInstantiationException: Failed to instantiate [java.util.Map]: Factory method 'producerConfig' threw exception; nested exception is java.lang.NullPointerException: Cannot invoke "java.lang.Integer.intValue()" because the return value of "com.microservices.demo.config.KafkaProducerConfigData.getBatchSize()" is null
	at org.springframework.beans.factory.support.ConstructorResolver.instantiate(ConstructorResolver.java:655)
	at org.springframework.beans.factory.support.ConstructorResolver.instantiateUsingFactoryMethod(ConstructorResolver.java:483)
	at org.springframework.beans.factory.support.AbstractAutowireCapableBeanFactory.instantiateUsingFactoryMethod(AbstractAutowireCapableBeanFactory.java:1336)
	at org.springframework.beans.factory.support.AbstractAutowireCapableBeanFactory.createBeanInstance(AbstractAutowireCapableBeanFactory.java:1176)
	at org.springframework.beans.factory.support.AbstractAutowireCapableBeanFactory.doCreateBean(AbstractAutowireCapableBeanFactory.java:556)
	at org.springframework.beans.factory.support.AbstractAutowireCapableBeanFactory.createBean(AbstractAutowireCapableBeanFactory.java:516)
	at org.springframework.beans.factory.support.AbstractBeanFactory.lambda$doGetBean$0(AbstractBeanFactory.java:324)
	at org.springframework.beans.factory.support.DefaultSingletonBeanRegistry.getSingleton(DefaultSingletonBeanRegistry.java:234)
	at org.springframework.beans.factory.support.AbstractBeanFactory.doGetBean(AbstractBeanFactory.java:322)
	at org.springframework.beans.factory.support.AbstractBeanFactory.getBean(AbstractBeanFactory.java:202)
	at org.springframework.context.annotation.ConfigurationClassEnhancer$BeanMethodInterceptor.resolveBeanReference(ConfigurationClassEnhancer.java:362)
	at org.springframework.context.annotation.ConfigurationClassEnhancer$BeanMethodInterceptor.intercept(ConfigurationClassEnhancer.java:334)
	at com.microservices.demo.kafka.producer.config.KafkaProducerConfig$$EnhancerBySpringCGLIB$$9ff4a0ec.producerFactory(<generated>)
	at com.microservices.demo.kafka.producer.config.KafkaProducerConfig.kafkaTemplate(KafkaProducerConfig.java:53)
	at com.microservices.demo.kafka.producer.config.KafkaProducerConfig$$EnhancerBySpringCGLIB$$9ff4a0ec.CGLIB$kafkaTemplate$2(<generated>)
	at com.microservices.demo.kafka.producer.config.KafkaProducerConfig$$EnhancerBySpringCGLIB$$9ff4a0ec$$FastClassBySpringCGLIB$$7ee37851.invoke(<generated>)
	at org.springframework.cglib.proxy.MethodProxy.invokeSuper(MethodProxy.java:244)
	at org.springframework.context.annotation.ConfigurationClassEnhancer$BeanMethodInterceptor.intercept(ConfigurationClassEnhancer.java:331)
	at com.microservices.demo.kafka.producer.config.KafkaProducerConfig$$EnhancerBySpringCGLIB$$9ff4a0ec.kafkaTemplate(<generated>)
	at java.base/jdk.internal.reflect.NativeMethodAccessorImpl.invoke0(Native Method)
	at java.base/jdk.internal.reflect.NativeMethodAccessorImpl.invoke(NativeMethodAccessorImpl.java:64)
	at java.base/jdk.internal.reflect.DelegatingMethodAccessorImpl.invoke(DelegatingMethodAccessorImpl.java:43)
	at java.base/java.lang.reflect.Method.invoke(Method.java:564)
	at org.springframework.beans.factory.support.SimpleInstantiationStrategy.instantiate(SimpleInstantiationStrategy.java:154)
	... 77 common frames omitted
Caused by: org.springframework.beans.BeanInstantiationException: Failed to instantiate [org.springframework.kafka.core.ProducerFactory]: Factory method 'producerFactory' threw exception; nested exception is org.springframework.beans.factory.BeanCreationException: Error creating bean with name 'producerConfig' defined in class path resource [com/microservices/demo/kafka/producer/config/KafkaProducerConfig.class]: Bean instantiation via factory method failed; nested exception is org.springframework.beans.BeanInstantiationException: Failed to instantiate [java.util.Map]: Factory method 'producerConfig' threw exception; nested exception is java.lang.NullPointerException: Cannot invoke "java.lang.Integer.intValue()" because the return value of "com.microservices.demo.config.KafkaProducerConfigData.getBatchSize()" is null
	at org.springframework.beans.factory.support.SimpleInstantiationStrategy.instantiate(SimpleInstantiationStrategy.java:185)
	at org.springframework.beans.factory.support.ConstructorResolver.instantiate(ConstructorResolver.java:650)
	... 100 common frames omitted
Caused by: org.springframework.beans.factory.BeanCreationException: Error creating bean with name 'producerConfig' defined in class path resource [com/microservices/demo/kafka/producer/config/KafkaProducerConfig.class]: Bean instantiation via factory method failed; nested exception is org.springframework.beans.BeanInstantiationException: Failed to instantiate [java.util.Map]: Factory method 'producerConfig' threw exception; nested exception is java.lang.NullPointerException: Cannot invoke "java.lang.Integer.intValue()" because the return value of "com.microservices.demo.config.KafkaProducerConfigData.getBatchSize()" is null
	at org.springframework.beans.factory.support.ConstructorResolver.instantiate(ConstructorResolver.java:655)
	at org.springframework.beans.factory.support.ConstructorResolver.instantiateUsingFactoryMethod(ConstructorResolver.java:483)
	at org.springframework.beans.factory.support.AbstractAutowireCapableBeanFactory.instantiateUsingFactoryMethod(AbstractAutowireCapableBeanFactory.java:1336)
	at org.springframework.beans.factory.support.AbstractAutowireCapableBeanFactory.createBeanInstance(AbstractAutowireCapableBeanFactory.java:1176)
	at org.springframework.beans.factory.support.AbstractAutowireCapableBeanFactory.doCreateBean(AbstractAutowireCapableBeanFactory.java:556)
	at org.springframework.beans.factory.support.AbstractAutowireCapableBeanFactory.createBean(AbstractAutowireCapableBeanFactory.java:516)
	at org.springframework.beans.factory.support.AbstractBeanFactory.lambda$doGetBean$0(AbstractBeanFactory.java:324)
	at org.springframework.beans.factory.support.DefaultSingletonBeanRegistry.getSingleton(DefaultSingletonBeanRegistry.java:234)
	at org.springframework.beans.factory.support.AbstractBeanFactory.doGetBean(AbstractBeanFactory.java:322)
	at org.springframework.beans.factory.support.AbstractBeanFactory.getBean(AbstractBeanFactory.java:202)
	at org.springframework.context.annotation.ConfigurationClassEnhancer$BeanMethodInterceptor.resolveBeanReference(ConfigurationClassEnhancer.java:362)
	at org.springframework.context.annotation.ConfigurationClassEnhancer$BeanMethodInterceptor.intercept(ConfigurationClassEnhancer.java:334)
	at com.microservices.demo.kafka.producer.config.KafkaProducerConfig$$EnhancerBySpringCGLIB$$9ff4a0ec.producerConfig(<generated>)
	at com.microservices.demo.kafka.producer.config.KafkaProducerConfig.producerFactory(KafkaProducerConfig.java:48)
	at com.microservices.demo.kafka.producer.config.KafkaProducerConfig$$EnhancerBySpringCGLIB$$9ff4a0ec.CGLIB$producerFactory$1(<generated>)
	at com.microservices.demo.kafka.producer.config.KafkaProducerConfig$$EnhancerBySpringCGLIB$$9ff4a0ec$$FastClassBySpringCGLIB$$7ee37851.invoke(<generated>)
	at org.springframework.cglib.proxy.MethodProxy.invokeSuper(MethodProxy.java:244)
	at org.springframework.context.annotation.ConfigurationClassEnhancer$BeanMethodInterceptor.intercept(ConfigurationClassEnhancer.java:331)
	at com.microservices.demo.kafka.producer.config.KafkaProducerConfig$$EnhancerBySpringCGLIB$$9ff4a0ec.producerFactory(<generated>)
	at java.base/jdk.internal.reflect.NativeMethodAccessorImpl.invoke0(Native Method)
	at java.base/jdk.internal.reflect.NativeMethodAccessorImpl.invoke(NativeMethodAccessorImpl.java:64)
	at java.base/jdk.internal.reflect.DelegatingMethodAccessorImpl.invoke(DelegatingMethodAccessorImpl.java:43)
	at java.base/java.lang.reflect.Method.invoke(Method.java:564)
	at org.springframework.beans.factory.support.SimpleInstantiationStrategy.instantiate(SimpleInstantiationStrategy.java:154)
	... 101 common frames omitted
Caused by: org.springframework.beans.BeanInstantiationException: Failed to instantiate [java.util.Map]: Factory method 'producerConfig' threw exception; nested exception is java.lang.NullPointerException: Cannot invoke "java.lang.Integer.intValue()" because the return value of "com.microservices.demo.config.KafkaProducerConfigData.getBatchSize()" is null
	at org.springframework.beans.factory.support.SimpleInstantiationStrategy.instantiate(SimpleInstantiationStrategy.java:185)
	at org.springframework.beans.factory.support.ConstructorResolver.instantiate(ConstructorResolver.java:650)
	... 124 common frames omitted
Caused by: java.lang.NullPointerException: Cannot invoke "java.lang.Integer.intValue()" because the return value of "com.microservices.demo.config.KafkaProducerConfigData.getBatchSize()" is null
	at com.microservices.demo.kafka.producer.config.KafkaProducerConfig.producerConfig(KafkaProducerConfig.java:36)
	at com.microservices.demo.kafka.producer.config.KafkaProducerConfig$$EnhancerBySpringCGLIB$$9ff4a0ec.CGLIB$producerConfig$0(<generated>)
	at com.microservices.demo.kafka.producer.config.KafkaProducerConfig$$EnhancerBySpringCGLIB$$9ff4a0ec$$FastClassBySpringCGLIB$$7ee37851.invoke(<generated>)
	at org.springframework.cglib.proxy.MethodProxy.invokeSuper(MethodProxy.java:244)
	at org.springframework.context.annotation.ConfigurationClassEnhancer$BeanMethodInterceptor.intercept(ConfigurationClassEnhancer.java:331)
	at com.microservices.demo.kafka.producer.config.KafkaProducerConfig$$EnhancerBySpringCGLIB$$9ff4a0ec.producerConfig(<generated>)
	at java.base/jdk.internal.reflect.NativeMethodAccessorImpl.invoke0(Native Method)
	at java.base/jdk.internal.reflect.NativeMethodAccessorImpl.invoke(NativeMethodAccessorImpl.java:64)
	at java.base/jdk.internal.reflect.DelegatingMethodAccessorImpl.invoke(DelegatingMethodAccessorImpl.java:43)
	at java.base/java.lang.reflect.Method.invoke(Method.java:564)
	at org.springframework.beans.factory.support.SimpleInstantiationStrategy.instantiate(SimpleInstantiationStrategy.java:154)
	... 125 common frames omitted
2021-05-11 12:24:41 [main] INFO  o.s.c.c.c.ConfigServicePropertySourceLocator - Fetching config from server at : http://localhost:8888
2021-05-11 12:24:42 [main] INFO  o.s.c.c.c.ConfigServicePropertySourceLocator - Located environment: name=twitter-to-kafka-service,config-client, profiles=[twitter_to_kafka], label=null, version=88f773bcedc61b092a93ec2eb2a6609ee1fea869, state=null
2021-05-11 12:24:42 [main] INFO  o.s.c.b.c.PropertySourceBootstrapConfiguration - Located property source: [BootstrapPropertySource {name='bootstrapProperties-configClient'}, BootstrapPropertySource {name='bootstrapProperties-https://github.com/Dilipkumarmj/spring-cloud-config-server-repository/config-client-twitter_to_kafka.yml'}, BootstrapPropertySource {name='bootstrapProperties-https://github.com/Dilipkumarmj/spring-cloud-config-server-repository/config-client.yml'}]
2021-05-11 12:24:42 [main] INFO  c.m.d.t.t.k.s.TwitterToKafkaServiceApplication - The following profiles are active: twitter_to_kafka
2021-05-11 12:24:43 [main] INFO  o.s.cloud.context.scope.GenericScope - BeanFactory id=b0c2dc93-02b0-39c2-b9ac-0e0823eb9cc9
2021-05-11 12:24:43 [main] INFO  o.s.c.s.PostProcessorRegistrationDelegate$BeanPostProcessorChecker - Bean 'org.springframework.retry.annotation.RetryConfiguration' of type [org.springframework.retry.annotation.RetryConfiguration$$EnhancerBySpringCGLIB$$365163ee] is not eligible for getting processed by all BeanPostProcessors (for example: not eligible for auto-proxying)
2021-05-11 12:24:44 [main] INFO  o.a.k.c.admin.AdminClientConfig - AdminClientConfig values: 
	bootstrap.servers = [localhost:19092, localhost:29092, localhost:39092]
	client.dns.lookup = default
	client.id = 
	connections.max.idle.ms = 300000
	default.api.timeout.ms = 60000
	metadata.max.age.ms = 300000
	metric.reporters = []
	metrics.num.samples = 2
	metrics.recording.level = INFO
	metrics.sample.window.ms = 30000
	receive.buffer.bytes = 65536
	reconnect.backoff.max.ms = 1000
	reconnect.backoff.ms = 50
	request.timeout.ms = 30000
	retries = 2147483647
	retry.backoff.ms = 100
	sasl.client.callback.handler.class = null
	sasl.jaas.config = null
	sasl.kerberos.kinit.cmd = /usr/bin/kinit
	sasl.kerberos.min.time.before.relogin = 60000
	sasl.kerberos.service.name = null
	sasl.kerberos.ticket.renew.jitter = 0.05
	sasl.kerberos.ticket.renew.window.factor = 0.8
	sasl.login.callback.handler.class = null
	sasl.login.class = null
	sasl.login.refresh.buffer.seconds = 300
	sasl.login.refresh.min.period.seconds = 60
	sasl.login.refresh.window.factor = 0.8
	sasl.login.refresh.window.jitter = 0.05
	sasl.mechanism = GSSAPI
	security.protocol = PLAINTEXT
	security.providers = null
	send.buffer.bytes = 131072
	ssl.cipher.suites = null
	ssl.enabled.protocols = [TLSv1.2]
	ssl.endpoint.identification.algorithm = https
	ssl.key.password = null
	ssl.keymanager.algorithm = SunX509
	ssl.keystore.location = null
	ssl.keystore.password = null
	ssl.keystore.type = JKS
	ssl.protocol = TLSv1.2
	ssl.provider = null
	ssl.secure.random.implementation = null
	ssl.trustmanager.algorithm = PKIX
	ssl.truststore.location = null
	ssl.truststore.password = null
	ssl.truststore.type = JKS

2021-05-11 12:24:45 [main] INFO  o.a.kafka.common.utils.AppInfoParser - Kafka version: 2.5.1
2021-05-11 12:24:45 [main] INFO  o.a.kafka.common.utils.AppInfoParser - Kafka commitId: 0efa8fb0f4c73d92
2021-05-11 12:24:45 [main] INFO  o.a.kafka.common.utils.AppInfoParser - Kafka startTimeMs: 1620716085229
2021-05-11 12:24:48 [main] INFO  o.s.b.w.e.netty.NettyWebServer - Netty started on port(s): 8080
2021-05-11 12:24:48 [main] INFO  c.m.d.t.t.k.s.TwitterToKafkaServiceApplication - Started TwitterToKafkaServiceApplication in 9.509 seconds (JVM running for 10.506)
2021-05-11 12:24:48 [main] INFO  c.m.d.t.t.k.s.TwitterToKafkaServiceApplication - App starts...
2021-05-11 12:24:48 [main] INFO  c.m.d.k.a.client.KafkaAdminClient - Creating 1 topics(s), attempt 0
2021-05-11 12:24:48 [main] INFO  c.m.d.k.a.client.KafkaAdminClient - Create topic result [KafkaFuture{value=null,exception=null,done=false}]
2021-05-11 12:24:48 [main] INFO  c.m.d.k.a.client.KafkaAdminClient - Reading kafka topic [twitter-topic], attempt 0
2021-05-11 12:24:49 [main] INFO  c.m.d.t.t.k.s.i.i.KafkaStreamInitializer - Topics with name twitter-topic is ready for operations!
2021-05-11 12:24:49 [main] INFO  c.m.d.t.t.k.s.r.i.TwitterKafkaStreamRunner - Started filtering twitter stream for keywords [Java, Microservices, Kafka, Elasticsearch]
2021-05-11 12:24:49 [Twitter Stream consumer /  [1][initializing]] INFO  twitter4j.TwitterStreamImpl - Establishing connection.
2021-05-11 12:24:56 [Twitter Stream consumer /  [1][Establishing connection]] INFO  twitter4j.TwitterStreamImpl - Connection established.
2021-05-11 12:24:56 [Twitter Stream consumer /  [1][Establishing connection]] INFO  twitter4j.TwitterStreamImpl - Receiving status stream.
2021-05-11 12:24:56 [Twitter4J Async Dispatcher[0]] INFO  c.m.d.t.t.k.s.l.TwitterKafkaStatusListener - Received status text JAVAのプログラミングわからなすぎて涙止まらん sending to kafka topic twitter-topic
2021-05-11 12:24:56 [Twitter4J Async Dispatcher[0]] INFO  c.m.d.k.p.c.s.i.TwitterKafkaProducer - Sending message='{"userId": 975050377379831809, "id": 1392010296273768451, "text": "JAVAのプログラミングわからなすぎて涙止まらん", "createdAt": 1620716091000}' to topic='twitter-topic'
2021-05-11 12:24:57 [Twitter4J Async Dispatcher[0]] INFO  o.a.k.c.producer.ProducerConfig - ProducerConfig values: 
	acks = -1
	batch.size = 1638400
	bootstrap.servers = [localhost:19092, localhost:29092, localhost:39092]
	buffer.memory = 33554432
	client.dns.lookup = default
	client.id = producer-1
	compression.type = snappy
	connections.max.idle.ms = 540000
	delivery.timeout.ms = 120000
	enable.idempotence = false
	interceptor.classes = []
	key.serializer = class org.apache.kafka.common.serialization.LongSerializer
	linger.ms = 5
	max.block.ms = 60000
	max.in.flight.requests.per.connection = 5
	max.request.size = 1048576
	metadata.max.age.ms = 300000
	metadata.max.idle.ms = 300000
	metric.reporters = []
	metrics.num.samples = 2
	metrics.recording.level = INFO
	metrics.sample.window.ms = 30000
	partitioner.class = class org.apache.kafka.clients.producer.internals.DefaultPartitioner
	receive.buffer.bytes = 32768
	reconnect.backoff.max.ms = 1000
	reconnect.backoff.ms = 50
	request.timeout.ms = 60000
	retries = 5
	retry.backoff.ms = 100
	sasl.client.callback.handler.class = null
	sasl.jaas.config = null
	sasl.kerberos.kinit.cmd = /usr/bin/kinit
	sasl.kerberos.min.time.before.relogin = 60000
	sasl.kerberos.service.name = null
	sasl.kerberos.ticket.renew.jitter = 0.05
	sasl.kerberos.ticket.renew.window.factor = 0.8
	sasl.login.callback.handler.class = null
	sasl.login.class = null
	sasl.login.refresh.buffer.seconds = 300
	sasl.login.refresh.min.period.seconds = 60
	sasl.login.refresh.window.factor = 0.8
	sasl.login.refresh.window.jitter = 0.05
	sasl.mechanism = GSSAPI
	security.protocol = PLAINTEXT
	security.providers = null
	send.buffer.bytes = 131072
	ssl.cipher.suites = null
	ssl.enabled.protocols = [TLSv1.2]
	ssl.endpoint.identification.algorithm = https
	ssl.key.password = null
	ssl.keymanager.algorithm = SunX509
	ssl.keystore.location = null
	ssl.keystore.password = null
	ssl.keystore.type = JKS
	ssl.protocol = TLSv1.2
	ssl.provider = null
	ssl.secure.random.implementation = null
	ssl.trustmanager.algorithm = PKIX
	ssl.truststore.location = null
	ssl.truststore.password = null
	ssl.truststore.type = JKS
	transaction.timeout.ms = 60000
	transactional.id = null
	value.serializer = class io.confluent.kafka.serializers.KafkaAvroSerializer

2021-05-11 12:24:57 [Twitter4J Async Dispatcher[0]] INFO  i.c.k.s.KafkaAvroSerializerConfig - KafkaAvroSerializerConfig values: 
	bearer.auth.token = [hidden]
	proxy.port = -1
	schema.reflection = false
	auto.register.schemas = true
	max.schemas.per.subject = 1000
	basic.auth.credentials.source = URL
	value.subject.name.strategy = class io.confluent.kafka.serializers.subject.TopicNameStrategy
	schema.registry.url = [http://localhost:8081]
	basic.auth.user.info = [hidden]
	proxy.host = 
	use.latest.version = false
	schema.registry.basic.auth.user.info = [hidden]
	bearer.auth.credentials.source = STATIC_TOKEN
	key.subject.name.strategy = class io.confluent.kafka.serializers.subject.TopicNameStrategy

2021-05-11 12:24:57 [Twitter4J Async Dispatcher[0]] WARN  o.a.k.c.producer.ProducerConfig - The configuration 'internal.auto.downgrade.txn.commit' was supplied but isn't a known config.
2021-05-11 12:24:57 [Twitter4J Async Dispatcher[0]] INFO  o.a.kafka.common.utils.AppInfoParser - Kafka version: 2.5.1
2021-05-11 12:24:57 [Twitter4J Async Dispatcher[0]] INFO  o.a.kafka.common.utils.AppInfoParser - Kafka commitId: 0efa8fb0f4c73d92
2021-05-11 12:24:57 [Twitter4J Async Dispatcher[0]] INFO  o.a.kafka.common.utils.AppInfoParser - Kafka startTimeMs: 1620716097388
2021-05-11 12:24:57 [kafka-producer-network-thread | producer-1] INFO  org.apache.kafka.clients.Metadata - [Producer clientId=producer-1] Cluster ID: 0VdDceaUToapdTuM-z2HCg
2021-05-11 12:25:08 [Twitter4J Async Dispatcher[0]] INFO  c.m.d.t.t.k.s.l.TwitterKafkaStatusListener - Received status text Betterup, Inc. (@BetterUp) is hiring https://t.co/qcILQrwDL7 #android #java sending to kafka topic twitter-topic
2021-05-11 12:25:08 [Twitter4J Async Dispatcher[0]] INFO  c.m.d.k.p.c.s.i.TwitterKafkaProducer - Sending message='{"userId": 190626981, "id": 1392010332323860481, "text": "Betterup, Inc. (@BetterUp) is hiring https://t.co/qcILQrwDL7 #android #java", "createdAt": 1620716100000}' to topic='twitter-topic'
2021-05-11 12:25:08 [Twitter4J Async Dispatcher[0]] INFO  c.m.d.t.t.k.s.l.TwitterKafkaStatusListener - Received status text ランキング:7位 「オフィスサプライ・OA機器」 (15:55)

Canon 純正インクカートリッジ6色マルチパック BCI-381-380-6MP

価格:5,472円🔥

https://t.co/xyC8y921J6 sending to kafka topic twitter-topic
2021-05-11 12:25:08 [Twitter4J Async Dispatcher[0]] INFO  c.m.d.k.p.c.s.i.TwitterKafkaProducer - Sending message='{"userId": 1371493492640256011, "id": 1392010344889917442, "text": "ランキング:7位 「オフィスサプライ・OA機器」 (15:55)\n\nCanon 純正インクカートリッジ6色マルチパック BCI-381-380-6MP\n\n価格:5,472円🔥\n\nhttps://t.co/xyC8y921J6", "createdAt": 1620716103000}' to topic='twitter-topic'
2021-05-11 12:25:11 [Twitter4J Async Dispatcher[0]] INFO  c.m.d.t.t.k.s.l.TwitterKafkaStatusListener - Received status text Java Coffee Bar & Bistro; 80 Duncan St, Newtown, Kitty, Gerogetown, Guyana https://t.co/q93zQe5KjM https://t.co/6a6WcZCO5l sending to kafka topic twitter-topic
2021-05-11 12:25:11 [Twitter4J Async Dispatcher[0]] INFO  c.m.d.k.p.c.s.i.TwitterKafkaProducer - Sending message='{"userId": 1313500399819685888, "id": 1392010356755738626, "text": "Java Coffee Bar & Bistro; 80 Duncan St, Newtown, Kitty, Gerogetown, Guyana https://t.co/q93zQe5KjM https://t.co/6a6WcZCO5l", "createdAt": 1620716106000}' to topic='twitter-topic'
2021-05-11 12:25:12 [Twitter4J Async Dispatcher[0]] INFO  c.m.d.t.t.k.s.l.TwitterKafkaStatusListener - Received status text RT @csaba_kissi: Some of the most popular Databases:

🔹MySQL
🔹Redis
🔹SQLite
🔹Oracle
🔹MongoDB
🔹MariaDB
🔹IBM DB2
🔹Firebase
🔹DynamoDB
🔹Cassand… sending to kafka topic twitter-topic
2021-05-11 12:25:12 [Twitter4J Async Dispatcher[0]] INFO  c.m.d.k.p.c.s.i.TwitterKafkaProducer - Sending message='{"userId": 980363094, "id": 1392010363537969154, "text": "RT @csaba_kissi: Some of the most popular Databases:\n\n🔹MySQL\n🔹Redis\n🔹SQLite\n🔹Oracle\n🔹MongoDB\n🔹MariaDB\n🔹IBM DB2\n🔹Firebase\n🔹DynamoDB\n🔹Cassand\u2026", "createdAt": 1620716107000}' to topic='twitter-topic'
2021-05-11 12:25:27 [Twitter4J Async Dispatcher[0]] INFO  c.m.d.t.t.k.s.l.TwitterKafkaStatusListener - Received status text RT @lescastcodeurs: Episode 255 Interview Java 16 avec @JosePaumard et @henri_tremblay - partie 1 https://t.co/qOQHWa3aw3 sending to kafka topic twitter-topic
2021-05-11 12:25:27 [Twitter4J Async Dispatcher[0]] INFO  c.m.d.k.p.c.s.i.TwitterKafkaProducer - Sending message='{"userId": 39352671, "id": 1392010426930671618, "text": "RT @lescastcodeurs: Episode 255 Interview Java 16 avec @JosePaumard et @henri_tremblay - partie 1 https://t.co/qOQHWa3aw3", "createdAt": 1620716122000}' to topic='twitter-topic'
2021-05-11 12:25:40 [Twitter4J Async Dispatcher[0]] INFO  c.m.d.t.t.k.s.l.TwitterKafkaStatusListener - Received status text @HexaBlu o/ Thanks ! i am happy that you think it looks great !! I am making it with Java with LWJGL (Light Weight Java Game Libraries) sending to kafka topic twitter-topic
2021-05-11 12:25:40 [Twitter4J Async Dispatcher[0]] INFO  c.m.d.k.p.c.s.i.TwitterKafkaProducer - Sending message='{"userId": 1312430881848668164, "id": 1392010478096896002, "text": "@HexaBlu o/ Thanks ! i am happy that you think it looks great !! I am making it with Java with LWJGL (Light Weight Java Game Libraries)", "createdAt": 1620716134000}' to topic='twitter-topic'
